2025-06-09 00:43:36 DEBUG [main] c.b.y.configuration.WebInitializer - No ContextLoaderListener registered, as createRootApplicationContext() did not return an application context
2025-06-09 00:43:37 INFO  [main] o.h.jpa.internal.util.LogHelper - HHH000204: Processing PersistenceUnitInfo [name: default]
2025-06-09 00:43:38 INFO  [main] org.hibernate.Version - HHH000412: Hibernate ORM core version 5.6.15.Final
2025-06-09 00:43:40 INFO  [main] o.h.annotations.common.Version - HCANN000001: Hibernate Commons Annotations {5.1.2.Final}
2025-06-09 00:43:44 INFO  [main] org.hibernate.dialect.Dialect - HHH000400: Using dialect: org.hibernate.dialect.MySQL8Dialect
2025-06-09 00:43:48 INFO  [main] o.h.validator.internal.util.Version - HV000001: Hibernate Validator 6.2.0.Final
2025-06-09 00:43:54 INFO  [main] o.h.e.t.j.p.i.JtaPlatformInitiator - HHH000490: Using JtaPlatform implementation: [org.hibernate.engine.transaction.jta.platform.internal.NoJtaPlatform]
2025-06-09 00:45:31 INFO  [http-nio-8080-exec-2] c.b.yamaha.controller.UserController - Login attempt for email: komla@gmail.com
2025-06-09 00:45:31 DEBUG [http-nio-8080-exec-2] c.b.y.service.user.UserServiceImpl - Initial user state - Count: 0, Locked: false, LastLogin: null
2025-06-09 00:45:32 DEBUG [http-nio-8080-exec-2] c.b.y.service.user.UserServiceImpl - Committing login status update for user: komla@gmail.com
2025-06-09 00:46:01 INFO  [http-nio-8080-exec-9] c.b.yamaha.controller.UserController - Login attempt for email: komla@gmail.com
2025-06-09 00:46:01 DEBUG [http-nio-8080-exec-9] c.b.y.service.user.UserServiceImpl - Initial user state - Count: 1, Locked: false, LastLogin: null
2025-06-09 00:46:01 INFO  [http-nio-8080-exec-9] c.b.y.service.user.UserServiceImpl - User authenticated: komla@gmail.com
2025-06-09 00:46:01 INFO  [http-nio-8080-exec-9] c.b.yamaha.controller.UserController - User signed in successfully: komla@gmail.com
2025-06-09 00:46:03 INFO  [http-nio-8080-exec-2] c.b.yamaha.controller.UserController - Received request for image: bikeId=10, imageName=back_Aerox_20250608.avif
2025-06-09 00:46:03 INFO  [http-nio-8080-exec-8] c.b.yamaha.controller.UserController - Received request for image: bikeId=10, imageName=front_Aerox_20250608.avif
2025-06-09 00:46:03 INFO  [http-nio-8080-exec-8] c.b.yamaha.controller.UserController - Attempting to load file from path: D:\06 GO19ROM Aug19\Project Phase\BikeShowroom Project draft\archive of bike showroom\Yamaha_Showroom_BhoomikaCP - trying 4404\src\main\webapp\static\images\bike-images\front_Aerox_20250608.avif
2025-06-09 00:46:03 INFO  [http-nio-8080-exec-2] c.b.yamaha.controller.UserController - Attempting to load file from path: D:\06 GO19ROM Aug19\Project Phase\BikeShowroom Project draft\archive of bike showroom\Yamaha_Showroom_BhoomikaCP - trying 4404\src\main\webapp\static\images\bike-images\back_Aerox_20250608.avif
2025-06-09 00:46:03 INFO  [http-nio-8080-exec-8] c.b.yamaha.controller.UserController - Image file FOUND: D:\06 GO19ROM Aug19\Project Phase\BikeShowroom Project draft\archive of bike showroom\Yamaha_Showroom_BhoomikaCP - trying 4404\src\main\webapp\static\images\bike-images\front_Aerox_20250608.avif
2025-06-09 00:46:03 INFO  [http-nio-8080-exec-2] c.b.yamaha.controller.UserController - Image file FOUND: D:\06 GO19ROM Aug19\Project Phase\BikeShowroom Project draft\archive of bike showroom\Yamaha_Showroom_BhoomikaCP - trying 4404\src\main\webapp\static\images\bike-images\back_Aerox_20250608.avif
2025-06-09 00:46:03 INFO  [http-nio-8080-exec-2] c.b.yamaha.controller.UserController - Streaming image back_Aerox_20250608.avif with content type image/avif
2025-06-09 00:46:03 INFO  [http-nio-8080-exec-8] c.b.yamaha.controller.UserController - Streaming image front_Aerox_20250608.avif with content type image/avif
2025-06-09 00:46:03 INFO  [http-nio-8080-exec-6] c.b.yamaha.controller.UserController - Received request for image: bikeId=10, imageName=left_Aerox_20250608.avif
2025-06-09 00:46:03 INFO  [http-nio-8080-exec-6] c.b.yamaha.controller.UserController - Attempting to load file from path: D:\06 GO19ROM Aug19\Project Phase\BikeShowroom Project draft\archive of bike showroom\Yamaha_Showroom_BhoomikaCP - trying 4404\src\main\webapp\static\images\bike-images\left_Aerox_20250608.avif
2025-06-09 00:46:03 INFO  [http-nio-8080-exec-6] c.b.yamaha.controller.UserController - Image file FOUND: D:\06 GO19ROM Aug19\Project Phase\BikeShowroom Project draft\archive of bike showroom\Yamaha_Showroom_BhoomikaCP - trying 4404\src\main\webapp\static\images\bike-images\left_Aerox_20250608.avif
2025-06-09 00:46:03 INFO  [http-nio-8080-exec-6] c.b.yamaha.controller.UserController - Streaming image left_Aerox_20250608.avif with content type image/avif
2025-06-09 00:46:03 INFO  [http-nio-8080-exec-6] c.b.yamaha.controller.UserController - Successfully streamed image left_Aerox_20250608.avif
2025-06-09 00:46:03 INFO  [http-nio-8080-exec-8] c.b.yamaha.controller.UserController - Successfully streamed image front_Aerox_20250608.avif
2025-06-09 00:46:03 INFO  [http-nio-8080-exec-2] c.b.yamaha.controller.UserController - Successfully streamed image back_Aerox_20250608.avif
2025-06-09 00:46:03 INFO  [http-nio-8080-exec-10] c.b.yamaha.controller.UserController - Received request for image: bikeId=10, imageName=right_Aerox_20250608.avif
2025-06-09 00:46:03 INFO  [http-nio-8080-exec-10] c.b.yamaha.controller.UserController - Attempting to load file from path: D:\06 GO19ROM Aug19\Project Phase\BikeShowroom Project draft\archive of bike showroom\Yamaha_Showroom_BhoomikaCP - trying 4404\src\main\webapp\static\images\bike-images\right_Aerox_20250608.avif
2025-06-09 00:46:03 INFO  [http-nio-8080-exec-10] c.b.yamaha.controller.UserController - Image file FOUND: D:\06 GO19ROM Aug19\Project Phase\BikeShowroom Project draft\archive of bike showroom\Yamaha_Showroom_BhoomikaCP - trying 4404\src\main\webapp\static\images\bike-images\right_Aerox_20250608.avif
2025-06-09 00:46:03 INFO  [http-nio-8080-exec-10] c.b.yamaha.controller.UserController - Streaming image right_Aerox_20250608.avif with content type image/avif
2025-06-09 00:46:03 INFO  [http-nio-8080-exec-10] c.b.yamaha.controller.UserController - Successfully streamed image right_Aerox_20250608.avif
2025-06-09 00:46:03 INFO  [http-nio-8080-exec-1] c.b.yamaha.controller.UserController - Received request for image: bikeId=11, imageName=front_Ray125_20250608.webp
2025-06-09 00:46:03 INFO  [http-nio-8080-exec-1] c.b.yamaha.controller.UserController - Attempting to load file from path: D:\06 GO19ROM Aug19\Project Phase\BikeShowroom Project draft\archive of bike showroom\Yamaha_Showroom_BhoomikaCP - trying 4404\src\main\webapp\static\images\bike-images\front_Ray125_20250608.webp
2025-06-09 00:46:03 INFO  [http-nio-8080-exec-1] c.b.yamaha.controller.UserController - Image file FOUND: D:\06 GO19ROM Aug19\Project Phase\BikeShowroom Project draft\archive of bike showroom\Yamaha_Showroom_BhoomikaCP - trying 4404\src\main\webapp\static\images\bike-images\front_Ray125_20250608.webp
2025-06-09 00:46:03 INFO  [http-nio-8080-exec-1] c.b.yamaha.controller.UserController - Streaming image front_Ray125_20250608.webp with content type image/webp
2025-06-09 00:46:03 INFO  [http-nio-8080-exec-1] c.b.yamaha.controller.UserController - Successfully streamed image front_Ray125_20250608.webp
2025-06-09 00:46:03 INFO  [http-nio-8080-exec-5] c.b.yamaha.controller.UserController - Received request for image: bikeId=11, imageName=back_Ray125_20250608.webp
2025-06-09 00:46:03 INFO  [http-nio-8080-exec-5] c.b.yamaha.controller.UserController - Attempting to load file from path: D:\06 GO19ROM Aug19\Project Phase\BikeShowroom Project draft\archive of bike showroom\Yamaha_Showroom_BhoomikaCP - trying 4404\src\main\webapp\static\images\bike-images\back_Ray125_20250608.webp
2025-06-09 00:46:03 INFO  [http-nio-8080-exec-5] c.b.yamaha.controller.UserController - Image file FOUND: D:\06 GO19ROM Aug19\Project Phase\BikeShowroom Project draft\archive of bike showroom\Yamaha_Showroom_BhoomikaCP - trying 4404\src\main\webapp\static\images\bike-images\back_Ray125_20250608.webp
2025-06-09 00:46:03 INFO  [http-nio-8080-exec-5] c.b.yamaha.controller.UserController - Streaming image back_Ray125_20250608.webp with content type image/webp
2025-06-09 00:46:03 INFO  [http-nio-8080-exec-5] c.b.yamaha.controller.UserController - Successfully streamed image back_Ray125_20250608.webp
2025-06-09 00:46:03 INFO  [http-nio-8080-exec-3] c.b.yamaha.controller.UserController - Received request for image: bikeId=11, imageName=left_Ray125_20250608.webp
2025-06-09 00:46:03 INFO  [http-nio-8080-exec-3] c.b.yamaha.controller.UserController - Attempting to load file from path: D:\06 GO19ROM Aug19\Project Phase\BikeShowroom Project draft\archive of bike showroom\Yamaha_Showroom_BhoomikaCP - trying 4404\src\main\webapp\static\images\bike-images\left_Ray125_20250608.webp
2025-06-09 00:46:03 INFO  [http-nio-8080-exec-3] c.b.yamaha.controller.UserController - Image file FOUND: D:\06 GO19ROM Aug19\Project Phase\BikeShowroom Project draft\archive of bike showroom\Yamaha_Showroom_BhoomikaCP - trying 4404\src\main\webapp\static\images\bike-images\left_Ray125_20250608.webp
2025-06-09 00:46:03 INFO  [http-nio-8080-exec-3] c.b.yamaha.controller.UserController - Streaming image left_Ray125_20250608.webp with content type image/webp
2025-06-09 00:46:03 INFO  [http-nio-8080-exec-4] c.b.yamaha.controller.UserController - Received request for image: bikeId=11, imageName=right_Ray125_20250608.webp
2025-06-09 00:46:03 INFO  [http-nio-8080-exec-3] c.b.yamaha.controller.UserController - Successfully streamed image left_Ray125_20250608.webp
2025-06-09 00:46:03 INFO  [http-nio-8080-exec-4] c.b.yamaha.controller.UserController - Attempting to load file from path: D:\06 GO19ROM Aug19\Project Phase\BikeShowroom Project draft\archive of bike showroom\Yamaha_Showroom_BhoomikaCP - trying 4404\src\main\webapp\static\images\bike-images\right_Ray125_20250608.webp
2025-06-09 00:46:03 INFO  [http-nio-8080-exec-4] c.b.yamaha.controller.UserController - Image file FOUND: D:\06 GO19ROM Aug19\Project Phase\BikeShowroom Project draft\archive of bike showroom\Yamaha_Showroom_BhoomikaCP - trying 4404\src\main\webapp\static\images\bike-images\right_Ray125_20250608.webp
2025-06-09 00:46:03 INFO  [http-nio-8080-exec-4] c.b.yamaha.controller.UserController - Streaming image right_Ray125_20250608.webp with content type image/webp
2025-06-09 00:46:03 INFO  [http-nio-8080-exec-4] c.b.yamaha.controller.UserController - Successfully streamed image right_Ray125_20250608.webp
2025-06-09 00:46:17 DEBUG [http-nio-8080-exec-2] com.bcp.yamaha.service.EmailService - Email sent successfully to: bhoomikacp24@gmail.com
2025-06-09 00:46:50 INFO  [http-nio-8080-exec-9] c.b.yamaha.controller.UserController - Received request for image: bikeId=10, imageName=back_Aerox_20250608.avif
2025-06-09 00:46:50 INFO  [http-nio-8080-exec-5] c.b.yamaha.controller.UserController - Received request for image: bikeId=10, imageName=front_Aerox_20250608.avif
2025-06-09 00:46:50 INFO  [http-nio-8080-exec-5] c.b.yamaha.controller.UserController - Attempting to load file from path: D:\06 GO19ROM Aug19\Project Phase\BikeShowroom Project draft\archive of bike showroom\Yamaha_Showroom_BhoomikaCP - trying 4404\src\main\webapp\static\images\bike-images\front_Aerox_20250608.avif
2025-06-09 00:46:50 INFO  [http-nio-8080-exec-9] c.b.yamaha.controller.UserController - Attempting to load file from path: D:\06 GO19ROM Aug19\Project Phase\BikeShowroom Project draft\archive of bike showroom\Yamaha_Showroom_BhoomikaCP - trying 4404\src\main\webapp\static\images\bike-images\back_Aerox_20250608.avif
2025-06-09 00:46:50 INFO  [http-nio-8080-exec-9] c.b.yamaha.controller.UserController - Image file FOUND: D:\06 GO19ROM Aug19\Project Phase\BikeShowroom Project draft\archive of bike showroom\Yamaha_Showroom_BhoomikaCP - trying 4404\src\main\webapp\static\images\bike-images\back_Aerox_20250608.avif
2025-06-09 00:46:50 INFO  [http-nio-8080-exec-5] c.b.yamaha.controller.UserController - Image file FOUND: D:\06 GO19ROM Aug19\Project Phase\BikeShowroom Project draft\archive of bike showroom\Yamaha_Showroom_BhoomikaCP - trying 4404\src\main\webapp\static\images\bike-images\front_Aerox_20250608.avif
2025-06-09 00:46:50 INFO  [http-nio-8080-exec-9] c.b.yamaha.controller.UserController - Streaming image back_Aerox_20250608.avif with content type image/avif
2025-06-09 00:46:50 INFO  [http-nio-8080-exec-5] c.b.yamaha.controller.UserController - Streaming image front_Aerox_20250608.avif with content type image/avif
2025-06-09 00:46:50 INFO  [http-nio-8080-exec-9] c.b.yamaha.controller.UserController - Successfully streamed image back_Aerox_20250608.avif
2025-06-09 00:46:50 INFO  [http-nio-8080-exec-5] c.b.yamaha.controller.UserController - Successfully streamed image front_Aerox_20250608.avif
2025-06-09 00:46:50 INFO  [http-nio-8080-exec-4] c.b.yamaha.controller.UserController - Received request for image: bikeId=10, imageName=left_Aerox_20250608.avif
2025-06-09 00:46:50 INFO  [http-nio-8080-exec-4] c.b.yamaha.controller.UserController - Attempting to load file from path: D:\06 GO19ROM Aug19\Project Phase\BikeShowroom Project draft\archive of bike showroom\Yamaha_Showroom_BhoomikaCP - trying 4404\src\main\webapp\static\images\bike-images\left_Aerox_20250608.avif
2025-06-09 00:46:50 INFO  [http-nio-8080-exec-4] c.b.yamaha.controller.UserController - Image file FOUND: D:\06 GO19ROM Aug19\Project Phase\BikeShowroom Project draft\archive of bike showroom\Yamaha_Showroom_BhoomikaCP - trying 4404\src\main\webapp\static\images\bike-images\left_Aerox_20250608.avif
2025-06-09 00:46:50 INFO  [http-nio-8080-exec-4] c.b.yamaha.controller.UserController - Streaming image left_Aerox_20250608.avif with content type image/avif
2025-06-09 00:46:50 INFO  [http-nio-8080-exec-3] c.b.yamaha.controller.UserController - Received request for image: bikeId=10, imageName=right_Aerox_20250608.avif
2025-06-09 00:46:50 INFO  [http-nio-8080-exec-3] c.b.yamaha.controller.UserController - Attempting to load file from path: D:\06 GO19ROM Aug19\Project Phase\BikeShowroom Project draft\archive of bike showroom\Yamaha_Showroom_BhoomikaCP - trying 4404\src\main\webapp\static\images\bike-images\right_Aerox_20250608.avif
2025-06-09 00:46:50 INFO  [http-nio-8080-exec-3] c.b.yamaha.controller.UserController - Image file FOUND: D:\06 GO19ROM Aug19\Project Phase\BikeShowroom Project draft\archive of bike showroom\Yamaha_Showroom_BhoomikaCP - trying 4404\src\main\webapp\static\images\bike-images\right_Aerox_20250608.avif
2025-06-09 00:46:50 INFO  [http-nio-8080-exec-2] c.b.yamaha.controller.UserController - Received request for image: bikeId=11, imageName=front_Ray125_20250608.webp
2025-06-09 00:46:50 INFO  [http-nio-8080-exec-4] c.b.yamaha.controller.UserController - Successfully streamed image left_Aerox_20250608.avif
2025-06-09 00:46:50 INFO  [http-nio-8080-exec-8] c.b.yamaha.controller.UserController - Received request for image: bikeId=11, imageName=right_Ray125_20250608.webp
2025-06-09 00:46:50 INFO  [http-nio-8080-exec-6] c.b.yamaha.controller.UserController - Received request for image: bikeId=11, imageName=back_Ray125_20250608.webp
2025-06-09 00:46:50 INFO  [http-nio-8080-exec-8] c.b.yamaha.controller.UserController - Attempting to load file from path: D:\06 GO19ROM Aug19\Project Phase\BikeShowroom Project draft\archive of bike showroom\Yamaha_Showroom_BhoomikaCP - trying 4404\src\main\webapp\static\images\bike-images\right_Ray125_20250608.webp
2025-06-09 00:46:50 INFO  [http-nio-8080-exec-2] c.b.yamaha.controller.UserController - Attempting to load file from path: D:\06 GO19ROM Aug19\Project Phase\BikeShowroom Project draft\archive of bike showroom\Yamaha_Showroom_BhoomikaCP - trying 4404\src\main\webapp\static\images\bike-images\front_Ray125_20250608.webp
2025-06-09 00:46:50 INFO  [http-nio-8080-exec-6] c.b.yamaha.controller.UserController - Attempting to load file from path: D:\06 GO19ROM Aug19\Project Phase\BikeShowroom Project draft\archive of bike showroom\Yamaha_Showroom_BhoomikaCP - trying 4404\src\main\webapp\static\images\bike-images\back_Ray125_20250608.webp
2025-06-09 00:46:50 INFO  [http-nio-8080-exec-2] c.b.yamaha.controller.UserController - Image file FOUND: D:\06 GO19ROM Aug19\Project Phase\BikeShowroom Project draft\archive of bike showroom\Yamaha_Showroom_BhoomikaCP - trying 4404\src\main\webapp\static\images\bike-images\front_Ray125_20250608.webp
2025-06-09 00:46:50 INFO  [http-nio-8080-exec-8] c.b.yamaha.controller.UserController - Image file FOUND: D:\06 GO19ROM Aug19\Project Phase\BikeShowroom Project draft\archive of bike showroom\Yamaha_Showroom_BhoomikaCP - trying 4404\src\main\webapp\static\images\bike-images\right_Ray125_20250608.webp
2025-06-09 00:46:50 INFO  [http-nio-8080-exec-3] c.b.yamaha.controller.UserController - Streaming image right_Aerox_20250608.avif with content type image/avif
2025-06-09 00:46:50 INFO  [http-nio-8080-exec-6] c.b.yamaha.controller.UserController - Image file FOUND: D:\06 GO19ROM Aug19\Project Phase\BikeShowroom Project draft\archive of bike showroom\Yamaha_Showroom_BhoomikaCP - trying 4404\src\main\webapp\static\images\bike-images\back_Ray125_20250608.webp
2025-06-09 00:46:50 INFO  [http-nio-8080-exec-10] c.b.yamaha.controller.UserController - Received request for image: bikeId=11, imageName=left_Ray125_20250608.webp
2025-06-09 00:46:50 INFO  [http-nio-8080-exec-2] c.b.yamaha.controller.UserController - Streaming image front_Ray125_20250608.webp with content type image/webp
2025-06-09 00:46:50 INFO  [http-nio-8080-exec-6] c.b.yamaha.controller.UserController - Streaming image back_Ray125_20250608.webp with content type image/webp
2025-06-09 00:46:50 INFO  [http-nio-8080-exec-10] c.b.yamaha.controller.UserController - Attempting to load file from path: D:\06 GO19ROM Aug19\Project Phase\BikeShowroom Project draft\archive of bike showroom\Yamaha_Showroom_BhoomikaCP - trying 4404\src\main\webapp\static\images\bike-images\left_Ray125_20250608.webp
2025-06-09 00:46:50 INFO  [http-nio-8080-exec-8] c.b.yamaha.controller.UserController - Streaming image right_Ray125_20250608.webp with content type image/webp
2025-06-09 00:46:50 INFO  [http-nio-8080-exec-10] c.b.yamaha.controller.UserController - Image file FOUND: D:\06 GO19ROM Aug19\Project Phase\BikeShowroom Project draft\archive of bike showroom\Yamaha_Showroom_BhoomikaCP - trying 4404\src\main\webapp\static\images\bike-images\left_Ray125_20250608.webp
2025-06-09 00:46:50 INFO  [http-nio-8080-exec-6] c.b.yamaha.controller.UserController - Successfully streamed image back_Ray125_20250608.webp
2025-06-09 00:46:50 INFO  [http-nio-8080-exec-10] c.b.yamaha.controller.UserController - Streaming image left_Ray125_20250608.webp with content type image/webp
2025-06-09 00:46:50 INFO  [http-nio-8080-exec-3] c.b.yamaha.controller.UserController - Successfully streamed image right_Aerox_20250608.avif
2025-06-09 00:46:50 INFO  [http-nio-8080-exec-2] c.b.yamaha.controller.UserController - Successfully streamed image front_Ray125_20250608.webp
2025-06-09 00:46:50 INFO  [http-nio-8080-exec-8] c.b.yamaha.controller.UserController - Successfully streamed image right_Ray125_20250608.webp
2025-06-09 00:46:50 INFO  [http-nio-8080-exec-10] c.b.yamaha.controller.UserController - Successfully streamed image left_Ray125_20250608.webp
2025-06-09 00:54:41 INFO  [http-nio-8080-exec-3] c.b.yamaha.controller.UserController - Logging out
2025-06-09 13:01:05 DEBUG [main] c.b.y.configuration.WebInitializer - No ContextLoaderListener registered, as createRootApplicationContext() did not return an application context
2025-06-09 13:01:07 INFO  [main] o.h.jpa.internal.util.LogHelper - HHH000204: Processing PersistenceUnitInfo [name: default]
2025-06-09 13:01:08 INFO  [main] org.hibernate.Version - HHH000412: Hibernate ORM core version 5.6.15.Final
2025-06-09 13:01:09 INFO  [main] o.h.annotations.common.Version - HCANN000001: Hibernate Commons Annotations {5.1.2.Final}
2025-06-09 13:01:10 INFO  [main] org.hibernate.dialect.Dialect - HHH000400: Using dialect: org.hibernate.dialect.MySQL8Dialect
2025-06-09 13:01:11 INFO  [main] o.h.validator.internal.util.Version - HV000001: Hibernate Validator 6.2.0.Final
2025-06-09 13:01:14 INFO  [main] o.h.e.t.j.p.i.JtaPlatformInitiator - HHH000490: Using JtaPlatform implementation: [org.hibernate.engine.transaction.jta.platform.internal.NoJtaPlatform]
2025-06-09 13:06:12 DEBUG [http-nio-8080-exec-9] com.bcp.yamaha.service.EmailService - Email sent successfully to: bhoomikacp24@gmail.com
2025-06-09 13:06:29 WARN  [http-nio-8080-exec-2] o.s.web.servlet.PageNotFound - No mapping for GET /Yamaha_Showroom_BhoomikaCP/user/checkUserName/b
2025-06-09 13:06:29 WARN  [http-nio-8080-exec-5] o.s.web.servlet.PageNotFound - No mapping for GET /Yamaha_Showroom_BhoomikaCP/user/checkUserName/bh
2025-06-09 13:07:10 DEBUG [main] c.b.y.configuration.WebInitializer - No ContextLoaderListener registered, as createRootApplicationContext() did not return an application context
2025-06-09 13:07:12 INFO  [main] o.h.jpa.internal.util.LogHelper - HHH000204: Processing PersistenceUnitInfo [name: default]
2025-06-09 13:07:12 INFO  [main] org.hibernate.Version - HHH000412: Hibernate ORM core version 5.6.15.Final
2025-06-09 13:07:13 INFO  [main] o.h.annotations.common.Version - HCANN000001: Hibernate Commons Annotations {5.1.2.Final}
2025-06-09 13:07:14 INFO  [main] org.hibernate.dialect.Dialect - HHH000400: Using dialect: org.hibernate.dialect.MySQL8Dialect
2025-06-09 13:07:15 INFO  [main] o.h.validator.internal.util.Version - HV000001: Hibernate Validator 6.2.0.Final
2025-06-09 13:07:17 INFO  [main] o.h.e.t.j.p.i.JtaPlatformInitiator - HHH000490: Using JtaPlatform implementation: [org.hibernate.engine.transaction.jta.platform.internal.NoJtaPlatform]
2025-06-09 13:26:16 DEBUG [http-nio-8080-exec-5] c.b.y.r.UserRestController - Received userName: [b]
2025-06-09 13:40:22 DEBUG [main] c.b.y.configuration.WebInitializer - No ContextLoaderListener registered, as createRootApplicationContext() did not return an application context
2025-06-09 13:40:23 INFO  [main] o.h.jpa.internal.util.LogHelper - HHH000204: Processing PersistenceUnitInfo [name: default]
2025-06-09 13:40:23 INFO  [main] org.hibernate.Version - HHH000412: Hibernate ORM core version 5.6.15.Final
2025-06-09 13:40:24 INFO  [main] o.h.annotations.common.Version - HCANN000001: Hibernate Commons Annotations {5.1.2.Final}
2025-06-09 13:40:26 INFO  [main] org.hibernate.dialect.Dialect - HHH000400: Using dialect: org.hibernate.dialect.MySQL8Dialect
2025-06-09 13:40:26 INFO  [main] o.h.validator.internal.util.Version - HV000001: Hibernate Validator 6.2.0.Final
2025-06-09 13:40:29 INFO  [main] o.h.e.t.j.p.i.JtaPlatformInitiator - HHH000490: Using JtaPlatform implementation: [org.hibernate.engine.transaction.jta.platform.internal.NoJtaPlatform]
2025-06-09 13:40:49 DEBUG [http-nio-8080-exec-1] c.b.y.r.UserRestController - Received userName: [b]
2025-06-09 13:40:51 DEBUG [http-nio-8080-exec-2] c.b.y.r.UserRestController - Received email in Controller: [m]
2025-06-09 13:42:06 DEBUG [http-nio-8080-exec-2] c.b.y.r.UserRestController - Received userName: [vv]
2025-06-09 13:42:09 DEBUG [http-nio-8080-exec-3] c.b.y.r.UserRestController - Received email in Controller: [w]
2025-06-09 13:42:11 DEBUG [http-nio-8080-exec-7] c.b.y.r.UserRestController - Received age: [2]
2025-06-09 13:42:13 DEBUG [http-nio-8080-exec-8] c.b.y.r.UserRestController - Received phNo in Controller: [2]
2025-06-09 13:42:13 DEBUG [http-nio-8080-exec-8] c.b.y.r.UserRestController - isPhExist: false
2025-06-09 13:42:19 DEBUG [http-nio-8080-exec-5] c.b.y.r.UserRestController - Received phNo in Controller: [2R]
2025-06-09 13:42:19 DEBUG [http-nio-8080-exec-5] c.b.y.r.UserRestController - isPhExist: false
2025-06-09 13:43:23 DEBUG [http-nio-8080-exec-3] c.b.y.r.UserRestController - Received email in Controller: [wdcds]
2025-06-09 13:43:41 DEBUG [http-nio-8080-exec-10] c.b.y.r.UserRestController - Received phNo in Controller: [2]
2025-06-09 13:43:41 DEBUG [http-nio-8080-exec-10] c.b.y.r.UserRestController - isPhExist: false
2025-06-09 13:44:34 DEBUG [http-nio-8080-exec-10] com.bcp.yamaha.service.EmailService - Email sent successfully to: bhoomikacp24@gmail.com
2025-06-09 13:45:02 DEBUG [http-nio-8080-exec-7] c.b.y.r.UserRestController - Received phNo in Controller: [7539684126]
2025-06-09 13:46:43 DEBUG [main] c.b.y.configuration.WebInitializer - No ContextLoaderListener registered, as createRootApplicationContext() did not return an application context
2025-06-09 13:46:45 INFO  [main] o.h.jpa.internal.util.LogHelper - HHH000204: Processing PersistenceUnitInfo [name: default]
2025-06-09 13:46:45 INFO  [main] org.hibernate.Version - HHH000412: Hibernate ORM core version 5.6.15.Final
2025-06-09 13:46:46 INFO  [main] o.h.annotations.common.Version - HCANN000001: Hibernate Commons Annotations {5.1.2.Final}
2025-06-09 13:46:47 INFO  [main] org.hibernate.dialect.Dialect - HHH000400: Using dialect: org.hibernate.dialect.MySQL8Dialect
2025-06-09 13:46:50 INFO  [main] o.h.validator.internal.util.Version - HV000001: Hibernate Validator 6.2.0.Final
2025-06-09 13:46:56 INFO  [main] o.h.e.t.j.p.i.JtaPlatformInitiator - HHH000490: Using JtaPlatform implementation: [org.hibernate.engine.transaction.jta.platform.internal.NoJtaPlatform]
2025-06-09 13:47:02 DEBUG [http-nio-8080-exec-1] c.b.y.r.UserRestController - Received DL Number: [KA1234567890752]
2025-06-09 13:47:22 DEBUG [http-nio-8080-exec-3] c.b.y.r.UserRestController - Received DL Number: [KA1234567890752]
2025-06-09 13:47:57 DEBUG [http-nio-8080-exec-6] c.b.y.r.UserRestController - Received email in Controller: [komla@gmail.com]
2025-06-09 13:47:57 DEBUG [http-nio-8080-exec-6] c.b.y.r.UserRestController - isEmailExist: true
2025-06-09 13:50:28 DEBUG [http-nio-8080-exec-7] c.b.y.r.UserRestController - Received phNo in Controller: [7539684126]
2025-06-09 13:50:28 DEBUG [http-nio-8080-exec-7] c.b.y.r.UserRestController - isPhExist: true
2025-06-09 13:50:43 DEBUG [http-nio-8080-exec-9] c.b.y.r.UserRestController - Received DL Number: [KA1234567890752]
2025-06-09 13:51:43 DEBUG [main] c.b.y.configuration.WebInitializer - No ContextLoaderListener registered, as createRootApplicationContext() did not return an application context
2025-06-09 13:51:44 INFO  [main] o.h.jpa.internal.util.LogHelper - HHH000204: Processing PersistenceUnitInfo [name: default]
2025-06-09 13:51:44 INFO  [main] org.hibernate.Version - HHH000412: Hibernate ORM core version 5.6.15.Final
2025-06-09 13:51:45 INFO  [main] o.h.annotations.common.Version - HCANN000001: Hibernate Commons Annotations {5.1.2.Final}
2025-06-09 13:51:46 INFO  [main] org.hibernate.dialect.Dialect - HHH000400: Using dialect: org.hibernate.dialect.MySQL8Dialect
2025-06-09 13:51:46 INFO  [main] o.h.validator.internal.util.Version - HV000001: Hibernate Validator 6.2.0.Final
2025-06-09 13:51:48 INFO  [main] o.h.e.t.j.p.i.JtaPlatformInitiator - HHH000490: Using JtaPlatform implementation: [org.hibernate.engine.transaction.jta.platform.internal.NoJtaPlatform]
2025-06-09 13:52:15 DEBUG [http-nio-8080-exec-8] c.b.y.r.UserRestController - Received DL Number: [KA1234567890752]
2025-06-09 13:52:15 DEBUG [http-nio-8080-exec-8] c.b.y.r.UserRestController - dlExists: true
2025-06-09 13:52:22 DEBUG [http-nio-8080-exec-4] c.b.y.r.UserRestController - Received phNo in Controller: [KA1234567890752]
2025-06-09 13:52:32 DEBUG [http-nio-8080-exec-1] c.b.y.r.UserRestController - Received phNo in Controller: [7539684126]
2025-06-09 13:52:32 DEBUG [http-nio-8080-exec-1] c.b.y.r.UserRestController - isPhExist: true
2025-06-09 13:52:38 DEBUG [http-nio-8080-exec-7] c.b.y.r.UserRestController - Received email in Controller: [komla@gmail.com]
2025-06-09 13:52:38 DEBUG [http-nio-8080-exec-7] c.b.y.r.UserRestController - isEmailExist: true
2025-06-09 13:52:42 DEBUG [http-nio-8080-exec-5] c.b.y.r.UserRestController - Received age: [1]
2025-06-09 13:52:42 DEBUG [http-nio-8080-exec-6] c.b.y.r.UserRestController - Received age: [11]
2025-06-09 13:52:44 DEBUG [http-nio-8080-exec-10] c.b.y.r.UserRestController - Received age: [1]
2025-06-09 13:52:44 DEBUG [http-nio-8080-exec-3] c.b.y.r.UserRestController - Received age: [10]
2025-06-09 13:52:44 DEBUG [http-nio-8080-exec-8] c.b.y.r.UserRestController - Received age: [100]
