2025-06-08 20:01:49 DEBUG [main] c.b.y.configuration.WebInitializer - No ContextLoaderListener registered, as createRootApplicationContext() did not return an application context
2025-06-08 20:01:51 INFO  [main] o.h.jpa.internal.util.LogHelper - HHH000204: Processing PersistenceUnitInfo [name: default]
2025-06-08 20:01:51 INFO  [main] org.hibernate.Version - HHH000412: Hibernate ORM core version 5.6.15.Final
2025-06-08 20:01:52 INFO  [main] o.h.annotations.common.Version - HCANN000001: Hibernate Commons Annotations {5.1.2.Final}
2025-06-08 20:01:54 INFO  [main] org.hibernate.dialect.Dialect - HHH000400: Using dialect: org.hibernate.dialect.MySQL8Dialect
2025-06-08 20:01:55 INFO  [main] o.h.validator.internal.util.Version - HV000001: Hibernate Validator 6.2.0.Final
2025-06-08 20:01:57 INFO  [main] o.h.e.t.j.p.i.JtaPlatformInitiator - HHH000490: Using JtaPlatform implementation: [org.hibernate.engine.transaction.jta.platform.internal.NoJtaPlatform]
2025-06-08 20:04:08 DEBUG [http-nio-8080-exec-9] com.bcp.yamaha.service.EmailService - Email sent successfully to: bhoomikacp24@gmail.com
2025-06-08 20:13:44 DEBUG [main] c.b.y.configuration.WebInitializer - No ContextLoaderListener registered, as createRootApplicationContext() did not return an application context
2025-06-08 20:13:45 INFO  [main] o.h.jpa.internal.util.LogHelper - HHH000204: Processing PersistenceUnitInfo [name: default]
2025-06-08 20:13:46 INFO  [main] org.hibernate.Version - HHH000412: Hibernate ORM core version 5.6.15.Final
2025-06-08 20:13:46 INFO  [main] o.h.annotations.common.Version - HCANN000001: Hibernate Commons Annotations {5.1.2.Final}
2025-06-08 20:13:47 INFO  [main] org.hibernate.dialect.Dialect - HHH000400: Using dialect: org.hibernate.dialect.MySQL8Dialect
2025-06-08 20:13:48 INFO  [main] o.h.validator.internal.util.Version - HV000001: Hibernate Validator 6.2.0.Final
2025-06-08 20:13:49 INFO  [main] o.h.e.t.j.p.i.JtaPlatformInitiator - HHH000490: Using JtaPlatform implementation: [org.hibernate.engine.transaction.jta.platform.internal.NoJtaPlatform]
2025-06-08 20:28:06 DEBUG [main] c.b.y.configuration.WebInitializer - No ContextLoaderListener registered, as createRootApplicationContext() did not return an application context
2025-06-08 20:28:08 INFO  [main] o.h.jpa.internal.util.LogHelper - HHH000204: Processing PersistenceUnitInfo [name: default]
2025-06-08 20:28:08 INFO  [main] org.hibernate.Version - HHH000412: Hibernate ORM core version 5.6.15.Final
2025-06-08 20:28:09 INFO  [main] o.h.annotations.common.Version - HCANN000001: Hibernate Commons Annotations {5.1.2.Final}
2025-06-08 20:28:10 INFO  [main] org.hibernate.dialect.Dialect - HHH000400: Using dialect: org.hibernate.dialect.MySQL8Dialect
2025-06-08 20:28:11 INFO  [main] o.h.validator.internal.util.Version - HV000001: Hibernate Validator 6.2.0.Final
2025-06-08 20:28:13 INFO  [main] o.h.e.t.j.p.i.JtaPlatformInitiator - HHH000490: Using JtaPlatform implementation: [org.hibernate.engine.transaction.jta.platform.internal.NoJtaPlatform]
2025-06-08 20:34:10 DEBUG [main] c.b.y.configuration.WebInitializer - No ContextLoaderListener registered, as createRootApplicationContext() did not return an application context
2025-06-08 20:34:12 INFO  [main] o.h.jpa.internal.util.LogHelper - HHH000204: Processing PersistenceUnitInfo [name: default]
2025-06-08 20:34:12 INFO  [main] org.hibernate.Version - HHH000412: Hibernate ORM core version 5.6.15.Final
2025-06-08 20:34:13 INFO  [main] o.h.annotations.common.Version - HCANN000001: Hibernate Commons Annotations {5.1.2.Final}
2025-06-08 20:34:14 INFO  [main] org.hibernate.dialect.Dialect - HHH000400: Using dialect: org.hibernate.dialect.MySQL8Dialect
2025-06-08 20:34:15 INFO  [main] o.h.validator.internal.util.Version - HV000001: Hibernate Validator 6.2.0.Final
2025-06-08 20:34:17 INFO  [main] o.h.e.t.j.p.i.JtaPlatformInitiator - HHH000490: Using JtaPlatform implementation: [org.hibernate.engine.transaction.jta.platform.internal.NoJtaPlatform]
2025-06-08 20:34:50 DEBUG [main] c.b.y.configuration.WebInitializer - No ContextLoaderListener registered, as createRootApplicationContext() did not return an application context
2025-06-08 20:34:52 INFO  [main] o.h.jpa.internal.util.LogHelper - HHH000204: Processing PersistenceUnitInfo [name: default]
2025-06-08 20:34:52 INFO  [main] org.hibernate.Version - HHH000412: Hibernate ORM core version 5.6.15.Final
2025-06-08 20:34:52 INFO  [main] o.h.annotations.common.Version - HCANN000001: Hibernate Commons Annotations {5.1.2.Final}
2025-06-08 20:34:54 INFO  [main] org.hibernate.dialect.Dialect - HHH000400: Using dialect: org.hibernate.dialect.MySQL8Dialect
2025-06-08 20:34:55 INFO  [main] o.h.validator.internal.util.Version - HV000001: Hibernate Validator 6.2.0.Final
2025-06-08 20:34:57 INFO  [main] o.h.e.t.j.p.i.JtaPlatformInitiator - HHH000490: Using JtaPlatform implementation: [org.hibernate.engine.transaction.jta.platform.internal.NoJtaPlatform]
2025-06-08 21:42:21 DEBUG [main] c.b.y.configuration.WebInitializer - No ContextLoaderListener registered, as createRootApplicationContext() did not return an application context
2025-06-08 21:42:23 INFO  [main] o.h.jpa.internal.util.LogHelper - HHH000204: Processing PersistenceUnitInfo [name: default]
2025-06-08 21:42:23 INFO  [main] org.hibernate.Version - HHH000412: Hibernate ORM core version 5.6.15.Final
2025-06-08 21:42:24 INFO  [main] o.h.annotations.common.Version - HCANN000001: Hibernate Commons Annotations {5.1.2.Final}
2025-06-08 21:42:26 INFO  [main] org.hibernate.dialect.Dialect - HHH000400: Using dialect: org.hibernate.dialect.MySQL8Dialect
2025-06-08 21:42:28 INFO  [main] o.h.validator.internal.util.Version - HV000001: Hibernate Validator 6.2.0.Final
2025-06-08 21:42:30 INFO  [main] o.h.e.t.j.p.i.JtaPlatformInitiator - HHH000490: Using JtaPlatform implementation: [org.hibernate.engine.transaction.jta.platform.internal.NoJtaPlatform]
2025-06-08 21:43:00 DEBUG [http-nio-8080-exec-7] com.bcp.yamaha.service.EmailService - Email sent successfully to: bhoomikacp24@gmail.com
2025-06-08 21:46:09 WARN  [http-nio-8080-exec-10] c.b.y.service.bike.BikeServiceImpl - Failed to delete image file: D:\06 GO19ROM Aug19\Project Phase\BikeShowroom Project draft\archive of bike showroom\Yamaha_Showroom_BhoomikaCP - trying 4404\src\main\webapp\static\images\bike-images\front_YamahaR15_20250608.avif
2025-06-08 21:46:09 WARN  [http-nio-8080-exec-10] c.b.y.service.bike.BikeServiceImpl - Failed to delete image file: D:\06 GO19ROM Aug19\Project Phase\BikeShowroom Project draft\archive of bike showroom\Yamaha_Showroom_BhoomikaCP - trying 4404\src\main\webapp\static\images\bike-images\back_YamahaR15_20250608.avif
2025-06-08 21:46:09 WARN  [http-nio-8080-exec-10] c.b.y.service.bike.BikeServiceImpl - Failed to delete image file: D:\06 GO19ROM Aug19\Project Phase\BikeShowroom Project draft\archive of bike showroom\Yamaha_Showroom_BhoomikaCP - trying 4404\src\main\webapp\static\images\bike-images\left_YamahaR15_20250608.avif
2025-06-08 21:46:09 WARN  [http-nio-8080-exec-10] c.b.y.service.bike.BikeServiceImpl - Failed to delete image file: D:\06 GO19ROM Aug19\Project Phase\BikeShowroom Project draft\archive of bike showroom\Yamaha_Showroom_BhoomikaCP - trying 4404\src\main\webapp\static\images\bike-images\right_YamahaR15_20250608.avif
2025-06-08 21:51:34 DEBUG [main] c.b.y.configuration.WebInitializer - No ContextLoaderListener registered, as createRootApplicationContext() did not return an application context
2025-06-08 21:51:35 INFO  [main] o.h.jpa.internal.util.LogHelper - HHH000204: Processing PersistenceUnitInfo [name: default]
2025-06-08 21:51:36 INFO  [main] org.hibernate.Version - HHH000412: Hibernate ORM core version 5.6.15.Final
2025-06-08 21:51:36 INFO  [main] o.h.annotations.common.Version - HCANN000001: Hibernate Commons Annotations {5.1.2.Final}
2025-06-08 21:51:38 INFO  [main] org.hibernate.dialect.Dialect - HHH000400: Using dialect: org.hibernate.dialect.MySQL8Dialect
2025-06-08 21:51:39 INFO  [main] o.h.validator.internal.util.Version - HV000001: Hibernate Validator 6.2.0.Final
2025-06-08 21:51:41 INFO  [main] o.h.e.t.j.p.i.JtaPlatformInitiator - HHH000490: Using JtaPlatform implementation: [org.hibernate.engine.transaction.jta.platform.internal.NoJtaPlatform]
2025-06-08 21:56:41 WARN  [http-nio-8080-exec-3] c.b.y.service.bike.BikeServiceImpl - Failed to delete image file: D:\06 GO19ROM Aug19\Project Phase\BikeShowroom Project draft\archive of bike showroom\Yamaha_Showroom_BhoomikaCP - trying 4404\src\main\webapp\static\images\bike-images\front_YamahaR15_20250608.avif
2025-06-08 21:56:41 WARN  [http-nio-8080-exec-3] c.b.y.service.bike.BikeServiceImpl - Failed to delete image file: D:\06 GO19ROM Aug19\Project Phase\BikeShowroom Project draft\archive of bike showroom\Yamaha_Showroom_BhoomikaCP - trying 4404\src\main\webapp\static\images\bike-images\back_YamahaR15_20250608.avif
2025-06-08 21:56:41 WARN  [http-nio-8080-exec-3] c.b.y.service.bike.BikeServiceImpl - Failed to delete image file: D:\06 GO19ROM Aug19\Project Phase\BikeShowroom Project draft\archive of bike showroom\Yamaha_Showroom_BhoomikaCP - trying 4404\src\main\webapp\static\images\bike-images\left_YamahaR15_20250608.avif
2025-06-08 21:56:41 WARN  [http-nio-8080-exec-3] c.b.y.service.bike.BikeServiceImpl - Failed to delete image file: D:\06 GO19ROM Aug19\Project Phase\BikeShowroom Project draft\archive of bike showroom\Yamaha_Showroom_BhoomikaCP - trying 4404\src\main\webapp\static\images\bike-images\right_YamahaR15_20250608.avif
2025-06-08 22:23:58 DEBUG [main] c.b.y.configuration.WebInitializer - No ContextLoaderListener registered, as createRootApplicationContext() did not return an application context
2025-06-08 22:23:59 INFO  [main] o.h.jpa.internal.util.LogHelper - HHH000204: Processing PersistenceUnitInfo [name: default]
2025-06-08 22:23:59 INFO  [main] org.hibernate.Version - HHH000412: Hibernate ORM core version 5.6.15.Final
2025-06-08 22:24:00 INFO  [main] o.h.annotations.common.Version - HCANN000001: Hibernate Commons Annotations {5.1.2.Final}
2025-06-08 22:24:01 INFO  [main] org.hibernate.dialect.Dialect - HHH000400: Using dialect: org.hibernate.dialect.MySQL8Dialect
2025-06-08 22:24:02 INFO  [main] o.h.validator.internal.util.Version - HV000001: Hibernate Validator 6.2.0.Final
2025-06-08 22:24:04 INFO  [main] o.h.e.t.j.p.i.JtaPlatformInitiator - HHH000490: Using JtaPlatform implementation: [org.hibernate.engine.transaction.jta.platform.internal.NoJtaPlatform]
2025-06-08 22:27:44 INFO  [http-nio-8080-exec-10] c.b.y.s.showroom.ShowroomServiceImpl - Deleted showroom image: Bengalore_Wheels_1749044809787.avif
2025-06-08 22:27:44 INFO  [http-nio-8080-exec-10] c.b.y.s.showroom.ShowroomServiceImpl - Deleted showroom with ID 2
2025-06-08 22:28:12 INFO  [http-nio-8080-exec-8] c.b.y.s.showroom.ShowroomServiceImpl - Deleted showroom image: Perfect_Riders_1748587763404.jpg
2025-06-08 22:28:12 INFO  [http-nio-8080-exec-8] c.b.y.s.showroom.ShowroomServiceImpl - Deleted showroom with ID 1
2025-06-08 22:28:55 DEBUG [http-nio-8080-exec-10] c.b.y.r.s.ShowroomRepositoryImpl - Checking showroom name in repo: [V]
2025-06-08 22:28:55 DEBUG [http-nio-8080-exec-10] c.b.y.r.s.ShowroomRepositoryImpl - Showroom name count from repo: 0
2025-06-08 22:28:55 INFO  [http-nio-8080-exec-10] c.b.y.s.showroom.ShowroomServiceImpl - is emailExist in service: V
2025-06-08 22:28:55 DEBUG [http-nio-8080-exec-4] c.b.y.r.s.ShowroomRepositoryImpl - Checking showroom name in repo: [Ve]
2025-06-08 22:28:55 DEBUG [http-nio-8080-exec-4] c.b.y.r.s.ShowroomRepositoryImpl - Showroom name count from repo: 0
2025-06-08 22:28:55 INFO  [http-nio-8080-exec-4] c.b.y.s.showroom.ShowroomServiceImpl - is emailExist in service: Ve
2025-06-08 22:28:55 DEBUG [http-nio-8080-exec-7] c.b.y.r.s.ShowroomRepositoryImpl - Checking showroom name in repo: [Ven]
2025-06-08 22:28:55 DEBUG [http-nio-8080-exec-7] c.b.y.r.s.ShowroomRepositoryImpl - Showroom name count from repo: 0
2025-06-08 22:28:55 INFO  [http-nio-8080-exec-7] c.b.y.s.showroom.ShowroomServiceImpl - is emailExist in service: Ven
2025-06-08 22:29:05 DEBUG [http-nio-8080-exec-9] c.b.y.r.s.ShowroomRepositoryImpl - Checking showroom name in repo: [V]
2025-06-08 22:29:05 DEBUG [http-nio-8080-exec-9] c.b.y.r.s.ShowroomRepositoryImpl - Showroom name count from repo: 0
2025-06-08 22:29:05 INFO  [http-nio-8080-exec-9] c.b.y.s.showroom.ShowroomServiceImpl - is emailExist in service: V
2025-06-08 22:29:05 DEBUG [http-nio-8080-exec-8] c.b.y.r.s.ShowroomRepositoryImpl - Checking showroom name in repo: [Vi]
2025-06-08 22:29:05 DEBUG [http-nio-8080-exec-8] c.b.y.r.s.ShowroomRepositoryImpl - Showroom name count from repo: 0
2025-06-08 22:29:05 INFO  [http-nio-8080-exec-8] c.b.y.s.showroom.ShowroomServiceImpl - is emailExist in service: Vi
2025-06-08 22:29:05 DEBUG [http-nio-8080-exec-5] c.b.y.r.s.ShowroomRepositoryImpl - Checking showroom name in repo: [Vin]
2025-06-08 22:29:05 DEBUG [http-nio-8080-exec-5] c.b.y.r.s.ShowroomRepositoryImpl - Showroom name count from repo: 0
2025-06-08 22:29:05 INFO  [http-nio-8080-exec-5] c.b.y.s.showroom.ShowroomServiceImpl - is emailExist in service: Vin
2025-06-08 22:29:05 DEBUG [http-nio-8080-exec-3] c.b.y.r.s.ShowroomRepositoryImpl - Checking showroom name in repo: [Vina]
2025-06-08 22:29:05 DEBUG [http-nio-8080-exec-3] c.b.y.r.s.ShowroomRepositoryImpl - Showroom name count from repo: 0
2025-06-08 22:29:05 INFO  [http-nio-8080-exec-3] c.b.y.s.showroom.ShowroomServiceImpl - is emailExist in service: Vina
2025-06-08 22:29:06 DEBUG [http-nio-8080-exec-6] c.b.y.r.s.ShowroomRepositoryImpl - Checking showroom name in repo: [Vinay]
2025-06-08 22:29:06 DEBUG [http-nio-8080-exec-6] c.b.y.r.s.ShowroomRepositoryImpl - Showroom name count from repo: 0
2025-06-08 22:29:06 INFO  [http-nio-8080-exec-6] c.b.y.s.showroom.ShowroomServiceImpl - is emailExist in service: Vinay
2025-06-08 22:29:06 DEBUG [http-nio-8080-exec-10] c.b.y.r.s.ShowroomRepositoryImpl - Checking showroom name in repo: [Vinaya]
2025-06-08 22:29:06 DEBUG [http-nio-8080-exec-10] c.b.y.r.s.ShowroomRepositoryImpl - Showroom name count from repo: 0
2025-06-08 22:29:06 INFO  [http-nio-8080-exec-10] c.b.y.s.showroom.ShowroomServiceImpl - is emailExist in service: Vinaya
2025-06-08 22:29:07 DEBUG [http-nio-8080-exec-4] c.b.y.r.s.ShowroomRepositoryImpl - Checking showroom name in repo: [Vinayak]
2025-06-08 22:29:07 DEBUG [http-nio-8080-exec-4] c.b.y.r.s.ShowroomRepositoryImpl - Showroom name count from repo: 0
2025-06-08 22:29:07 INFO  [http-nio-8080-exec-4] c.b.y.s.showroom.ShowroomServiceImpl - is emailExist in service: Vinayak
2025-06-08 22:29:08 DEBUG [http-nio-8080-exec-7] c.b.y.r.s.ShowroomRepositoryImpl - Checking showroom name in repo: [Vinayak]
2025-06-08 22:29:08 DEBUG [http-nio-8080-exec-7] c.b.y.r.s.ShowroomRepositoryImpl - Showroom name count from repo: 0
2025-06-08 22:29:08 INFO  [http-nio-8080-exec-7] c.b.y.s.showroom.ShowroomServiceImpl - is emailExist in service: Vinayak
2025-06-08 22:29:08 DEBUG [http-nio-8080-exec-1] c.b.y.r.s.ShowroomRepositoryImpl - Checking showroom name in repo: [Vinayak M]
2025-06-08 22:29:08 DEBUG [http-nio-8080-exec-1] c.b.y.r.s.ShowroomRepositoryImpl - Showroom name count from repo: 0
2025-06-08 22:29:08 INFO  [http-nio-8080-exec-1] c.b.y.s.showroom.ShowroomServiceImpl - is emailExist in service: Vinayak M
2025-06-08 22:29:08 DEBUG [http-nio-8080-exec-2] c.b.y.r.s.ShowroomRepositoryImpl - Checking showroom name in repo: [Vinayak Mo]
2025-06-08 22:29:08 DEBUG [http-nio-8080-exec-2] c.b.y.r.s.ShowroomRepositoryImpl - Showroom name count from repo: 0
2025-06-08 22:29:08 INFO  [http-nio-8080-exec-2] c.b.y.s.showroom.ShowroomServiceImpl - is emailExist in service: Vinayak Mo
2025-06-08 22:29:09 DEBUG [http-nio-8080-exec-9] c.b.y.r.s.ShowroomRepositoryImpl - Checking showroom name in repo: [Vinayak Mot]
2025-06-08 22:29:09 DEBUG [http-nio-8080-exec-9] c.b.y.r.s.ShowroomRepositoryImpl - Showroom name count from repo: 0
2025-06-08 22:29:09 INFO  [http-nio-8080-exec-9] c.b.y.s.showroom.ShowroomServiceImpl - is emailExist in service: Vinayak Mot
2025-06-08 22:29:09 DEBUG [http-nio-8080-exec-8] c.b.y.r.s.ShowroomRepositoryImpl - Checking showroom name in repo: [Vinayak Moto]
2025-06-08 22:29:09 DEBUG [http-nio-8080-exec-8] c.b.y.r.s.ShowroomRepositoryImpl - Showroom name count from repo: 0
2025-06-08 22:29:09 INFO  [http-nio-8080-exec-8] c.b.y.s.showroom.ShowroomServiceImpl - is emailExist in service: Vinayak Moto
2025-06-08 22:29:09 DEBUG [http-nio-8080-exec-5] c.b.y.r.s.ShowroomRepositoryImpl - Checking showroom name in repo: [Vinayak Motor]
2025-06-08 22:29:09 DEBUG [http-nio-8080-exec-5] c.b.y.r.s.ShowroomRepositoryImpl - Showroom name count from repo: 0
2025-06-08 22:29:09 INFO  [http-nio-8080-exec-5] c.b.y.s.showroom.ShowroomServiceImpl - is emailExist in service: Vinayak Motor
2025-06-08 22:29:09 DEBUG [http-nio-8080-exec-3] c.b.y.r.s.ShowroomRepositoryImpl - Checking showroom name in repo: [Vinayak Motora]
2025-06-08 22:29:09 DEBUG [http-nio-8080-exec-3] c.b.y.r.s.ShowroomRepositoryImpl - Showroom name count from repo: 0
2025-06-08 22:29:09 INFO  [http-nio-8080-exec-3] c.b.y.s.showroom.ShowroomServiceImpl - is emailExist in service: Vinayak Motora
2025-06-08 22:29:10 DEBUG [http-nio-8080-exec-6] c.b.y.r.s.ShowroomRepositoryImpl - Checking showroom name in repo: [Vinayak Motor]
2025-06-08 22:29:10 DEBUG [http-nio-8080-exec-6] c.b.y.r.s.ShowroomRepositoryImpl - Showroom name count from repo: 0
2025-06-08 22:29:10 INFO  [http-nio-8080-exec-6] c.b.y.s.showroom.ShowroomServiceImpl - is emailExist in service: Vinayak Motor
2025-06-08 22:29:10 DEBUG [http-nio-8080-exec-10] c.b.y.r.s.ShowroomRepositoryImpl - Checking showroom name in repo: [Vinayak Motors]
2025-06-08 22:29:10 DEBUG [http-nio-8080-exec-10] c.b.y.r.s.ShowroomRepositoryImpl - Showroom name count from repo: 0
2025-06-08 22:29:10 INFO  [http-nio-8080-exec-10] c.b.y.s.showroom.ShowroomServiceImpl - is emailExist in service: Vinayak Motors
2025-06-08 22:29:24 DEBUG [http-nio-8080-exec-7] c.b.y.r.s.ShowroomRepositoryImpl - Checking showroom name in repo: [Vinayak Motors]
2025-06-08 22:29:24 DEBUG [http-nio-8080-exec-7] c.b.y.r.s.ShowroomRepositoryImpl - Showroom name count from repo: 0
2025-06-08 22:29:24 INFO  [http-nio-8080-exec-7] c.b.y.s.showroom.ShowroomServiceImpl - is emailExist in service: Vinayak Motors
2025-06-08 22:29:29 DEBUG [http-nio-8080-exec-2] c.b.y.r.s.ShowroomRepositoryImpl - Checking showroom name in repo: [Vinayak Motors]
2025-06-08 22:29:29 DEBUG [http-nio-8080-exec-2] c.b.y.r.s.ShowroomRepositoryImpl - Showroom name count from repo: 0
2025-06-08 22:29:29 INFO  [http-nio-8080-exec-2] c.b.y.s.showroom.ShowroomServiceImpl - is emailExist in service: Vinayak Motors
2025-06-08 22:30:15 INFO  [http-nio-8080-exec-10] c.b.y.controller.AdminController - Image uploaded: Vinayak_Motors_20250608_223015.avif
2025-06-08 22:30:15 INFO  [http-nio-8080-exec-10] c.b.y.controller.AdminController - added showroom dto: ShowroomDto(showroomId=null, showroomName=Vinayak Motors, showroomAddress=Domlur, Bangalore, showroomPhone=7418529635, showroomEmail=vinayakmotors@gmail.com, showroomManager=Vijay, bikeCount=0, showroomImg=Vinayak_Motors_20250608_223015.avif)
