2025-06-10 17:34:33 DEBUG [main] c.b.y.configuration.WebInitializer - No ContextLoaderListener registered, as createRootApplicationContext() did not return an application context
2025-06-10 17:34:35 INFO  [main] o.h.jpa.internal.util.LogHelper - HHH000204: Processing PersistenceUnitInfo [name: default]
2025-06-10 17:34:35 INFO  [main] org.hibernate.Version - HHH000412: Hibernate ORM core version 5.6.15.Final
2025-06-10 17:34:36 INFO  [main] o.h.annotations.common.Version - HCANN000001: Hibernate Commons Annotations {5.1.2.Final}
2025-06-10 17:34:37 INFO  [main] org.hibernate.dialect.Dialect - HHH000400: Using dialect: org.hibernate.dialect.MySQL8Dialect
2025-06-10 17:34:38 INFO  [main] o.h.validator.internal.util.Version - HV000001: Hibernate Validator 6.2.0.Final
2025-06-10 17:34:40 INFO  [main] o.h.e.t.j.p.i.JtaPlatformInitiator - HHH000490: Using JtaPlatform implementation: [org.hibernate.engine.transaction.jta.platform.internal.NoJtaPlatform]
2025-06-10 17:35:43 DEBUG [http-nio-8080-exec-7] com.bcp.yamaha.service.EmailService - Email sent successfully to: bhoomikacp24@gmail.com
2025-06-10 17:41:36 DEBUG [main] c.b.y.configuration.WebInitializer - No ContextLoaderListener registered, as createRootApplicationContext() did not return an application context
2025-06-10 17:41:37 INFO  [main] o.h.jpa.internal.util.LogHelper - HHH000204: Processing PersistenceUnitInfo [name: default]
2025-06-10 17:41:37 INFO  [main] org.hibernate.Version - HHH000412: Hibernate ORM core version 5.6.15.Final
2025-06-10 17:41:38 INFO  [main] o.h.annotations.common.Version - HCANN000001: Hibernate Commons Annotations {5.1.2.Final}
2025-06-10 17:41:39 INFO  [main] org.hibernate.dialect.Dialect - HHH000400: Using dialect: org.hibernate.dialect.MySQL8Dialect
2025-06-10 17:41:40 INFO  [main] o.h.validator.internal.util.Version - HV000001: Hibernate Validator 6.2.0.Final
2025-06-10 17:41:42 INFO  [main] o.h.e.t.j.p.i.JtaPlatformInitiator - HHH000490: Using JtaPlatform implementation: [org.hibernate.engine.transaction.jta.platform.internal.NoJtaPlatform]
2025-06-10 17:45:19 DEBUG [main] c.b.y.configuration.WebInitializer - No ContextLoaderListener registered, as createRootApplicationContext() did not return an application context
2025-06-10 17:45:21 INFO  [main] o.h.jpa.internal.util.LogHelper - HHH000204: Processing PersistenceUnitInfo [name: default]
2025-06-10 17:45:21 INFO  [main] org.hibernate.Version - HHH000412: Hibernate ORM core version 5.6.15.Final
2025-06-10 17:45:21 INFO  [main] o.h.annotations.common.Version - HCANN000001: Hibernate Commons Annotations {5.1.2.Final}
2025-06-10 17:45:22 INFO  [main] org.hibernate.dialect.Dialect - HHH000400: Using dialect: org.hibernate.dialect.MySQL8Dialect
2025-06-10 17:45:23 INFO  [main] o.h.validator.internal.util.Version - HV000001: Hibernate Validator 6.2.0.Final
2025-06-10 17:45:25 INFO  [main] o.h.e.t.j.p.i.JtaPlatformInitiator - HHH000490: Using JtaPlatform implementation: [org.hibernate.engine.transaction.jta.platform.internal.NoJtaPlatform]
2025-06-10 17:45:49 DEBUG [http-nio-8080-exec-7] c.b.y.r.bike.BikeRepositoryImpl - Checking bikeModel in repo: [FZ-S]
2025-06-10 17:45:49 DEBUG [http-nio-8080-exec-7] c.b.y.r.bike.BikeRepositoryImpl - Bike Model count from repo: 0
2025-06-10 17:45:49 INFO  [http-nio-8080-exec-7] c.b.y.service.bike.BikeServiceImpl - is existByBikeModel in service: false
2025-06-10 17:45:52 DEBUG [http-nio-8080-exec-8] c.b.y.r.bike.BikeRepositoryImpl - Checking bikeModel in repo: [FZ-S]
2025-06-10 17:45:52 DEBUG [http-nio-8080-exec-8] c.b.y.r.bike.BikeRepositoryImpl - Bike Model count from repo: 0
2025-06-10 17:45:52 INFO  [http-nio-8080-exec-8] c.b.y.service.bike.BikeServiceImpl - is existByBikeModel in service: false
2025-06-10 17:45:53 DEBUG [http-nio-8080-exec-3] c.b.y.r.bike.BikeRepositoryImpl - Checking bikeModel in repo: [FZ-S 1]
2025-06-10 17:45:53 DEBUG [http-nio-8080-exec-3] c.b.y.r.bike.BikeRepositoryImpl - Bike Model count from repo: 0
2025-06-10 17:45:53 INFO  [http-nio-8080-exec-3] c.b.y.service.bike.BikeServiceImpl - is existByBikeModel in service: false
2025-06-10 17:45:53 DEBUG [http-nio-8080-exec-6] c.b.y.r.bike.BikeRepositoryImpl - Checking bikeModel in repo: [FZ-S 12]
2025-06-10 17:45:53 DEBUG [http-nio-8080-exec-6] c.b.y.r.bike.BikeRepositoryImpl - Bike Model count from repo: 0
2025-06-10 17:45:53 INFO  [http-nio-8080-exec-6] c.b.y.service.bike.BikeServiceImpl - is existByBikeModel in service: false
2025-06-10 17:45:53 DEBUG [http-nio-8080-exec-2] c.b.y.r.bike.BikeRepositoryImpl - Checking bikeModel in repo: [FZ-S 123]
2025-06-10 17:45:53 DEBUG [http-nio-8080-exec-2] c.b.y.r.bike.BikeRepositoryImpl - Bike Model count from repo: 0
2025-06-10 17:45:53 INFO  [http-nio-8080-exec-2] c.b.y.service.bike.BikeServiceImpl - is existByBikeModel in service: false
2025-06-10 17:45:57 DEBUG [http-nio-8080-exec-10] c.b.y.r.bike.BikeRepositoryImpl - Checking bikeModel in repo: [S]
2025-06-10 17:45:57 DEBUG [http-nio-8080-exec-10] c.b.y.r.bike.BikeRepositoryImpl - Bike Model count from repo: 0
2025-06-10 17:45:57 INFO  [http-nio-8080-exec-10] c.b.y.service.bike.BikeServiceImpl - is existByBikeModel in service: false
2025-06-10 17:46:00 DEBUG [http-nio-8080-exec-4] c.b.y.r.bike.BikeRepositoryImpl - Checking bikeModel in repo: [Sa]
2025-06-10 17:46:00 DEBUG [http-nio-8080-exec-4] c.b.y.r.bike.BikeRepositoryImpl - Bike Model count from repo: 0
2025-06-10 17:46:00 INFO  [http-nio-8080-exec-4] c.b.y.service.bike.BikeServiceImpl - is existByBikeModel in service: false
2025-06-10 17:46:00 DEBUG [http-nio-8080-exec-5] c.b.y.r.bike.BikeRepositoryImpl - Checking bikeModel in repo: [Saa]
2025-06-10 17:46:00 DEBUG [http-nio-8080-exec-5] c.b.y.r.bike.BikeRepositoryImpl - Bike Model count from repo: 0
2025-06-10 17:46:00 INFO  [http-nio-8080-exec-5] c.b.y.service.bike.BikeServiceImpl - is existByBikeModel in service: false
2025-06-10 17:46:00 DEBUG [http-nio-8080-exec-7] c.b.y.r.bike.BikeRepositoryImpl - Checking bikeModel in repo: [Saaa]
2025-06-10 17:46:00 DEBUG [http-nio-8080-exec-7] c.b.y.r.bike.BikeRepositoryImpl - Bike Model count from repo: 0
2025-06-10 17:46:00 INFO  [http-nio-8080-exec-7] c.b.y.service.bike.BikeServiceImpl - is existByBikeModel in service: false
2025-06-10 17:46:00 DEBUG [http-nio-8080-exec-1] c.b.y.r.bike.BikeRepositoryImpl - Checking bikeModel in repo: [Saaaa]
2025-06-10 17:46:00 DEBUG [http-nio-8080-exec-1] c.b.y.r.bike.BikeRepositoryImpl - Bike Model count from repo: 0
2025-06-10 17:46:00 INFO  [http-nio-8080-exec-1] c.b.y.service.bike.BikeServiceImpl - is existByBikeModel in service: false
2025-06-10 17:46:00 DEBUG [http-nio-8080-exec-9] c.b.y.r.bike.BikeRepositoryImpl - Checking bikeModel in repo: [Saaaaa]
2025-06-10 17:46:00 DEBUG [http-nio-8080-exec-9] c.b.y.r.bike.BikeRepositoryImpl - Bike Model count from repo: 0
2025-06-10 17:46:00 INFO  [http-nio-8080-exec-9] c.b.y.service.bike.BikeServiceImpl - is existByBikeModel in service: false
2025-06-10 17:46:00 DEBUG [http-nio-8080-exec-8] c.b.y.r.bike.BikeRepositoryImpl - Checking bikeModel in repo: [Saaaaaa]
2025-06-10 17:46:00 DEBUG [http-nio-8080-exec-8] c.b.y.r.bike.BikeRepositoryImpl - Bike Model count from repo: 0
2025-06-10 17:46:00 INFO  [http-nio-8080-exec-8] c.b.y.service.bike.BikeServiceImpl - is existByBikeModel in service: false
2025-06-10 17:46:00 DEBUG [http-nio-8080-exec-3] c.b.y.r.bike.BikeRepositoryImpl - Checking bikeModel in repo: [Saaaaaaa]
2025-06-10 17:46:00 DEBUG [http-nio-8080-exec-3] c.b.y.r.bike.BikeRepositoryImpl - Bike Model count from repo: 0
2025-06-10 17:46:00 INFO  [http-nio-8080-exec-3] c.b.y.service.bike.BikeServiceImpl - is existByBikeModel in service: false
2025-06-10 17:46:00 DEBUG [http-nio-8080-exec-6] c.b.y.r.bike.BikeRepositoryImpl - Checking bikeModel in repo: [Saaaaaaaa]
2025-06-10 17:46:00 DEBUG [http-nio-8080-exec-6] c.b.y.r.bike.BikeRepositoryImpl - Bike Model count from repo: 0
2025-06-10 17:46:00 INFO  [http-nio-8080-exec-6] c.b.y.service.bike.BikeServiceImpl - is existByBikeModel in service: false
2025-06-10 17:46:00 DEBUG [http-nio-8080-exec-2] c.b.y.r.bike.BikeRepositoryImpl - Checking bikeModel in repo: [Saaaaaaaaa]
2025-06-10 17:46:00 DEBUG [http-nio-8080-exec-2] c.b.y.r.bike.BikeRepositoryImpl - Bike Model count from repo: 0
2025-06-10 17:46:00 INFO  [http-nio-8080-exec-2] c.b.y.service.bike.BikeServiceImpl - is existByBikeModel in service: false
2025-06-10 17:46:00 DEBUG [http-nio-8080-exec-10] c.b.y.r.bike.BikeRepositoryImpl - Checking bikeModel in repo: [Saaaaaaaaaa]
2025-06-10 17:46:00 DEBUG [http-nio-8080-exec-10] c.b.y.r.bike.BikeRepositoryImpl - Bike Model count from repo: 0
2025-06-10 17:46:00 INFO  [http-nio-8080-exec-10] c.b.y.service.bike.BikeServiceImpl - is existByBikeModel in service: false
2025-06-10 17:46:00 DEBUG [http-nio-8080-exec-4] c.b.y.r.bike.BikeRepositoryImpl - Checking bikeModel in repo: [Saaaaaaaaaaa]
2025-06-10 17:46:00 DEBUG [http-nio-8080-exec-4] c.b.y.r.bike.BikeRepositoryImpl - Bike Model count from repo: 0
2025-06-10 17:46:00 INFO  [http-nio-8080-exec-4] c.b.y.service.bike.BikeServiceImpl - is existByBikeModel in service: false
2025-06-10 17:46:00 DEBUG [http-nio-8080-exec-5] c.b.y.r.bike.BikeRepositoryImpl - Checking bikeModel in repo: [Saaaaaaaaaaaa]
2025-06-10 17:46:00 DEBUG [http-nio-8080-exec-5] c.b.y.r.bike.BikeRepositoryImpl - Bike Model count from repo: 0
2025-06-10 17:46:00 INFO  [http-nio-8080-exec-5] c.b.y.service.bike.BikeServiceImpl - is existByBikeModel in service: false
2025-06-10 17:46:00 DEBUG [http-nio-8080-exec-7] c.b.y.r.bike.BikeRepositoryImpl - Checking bikeModel in repo: [Saaaaaaaaaaaaa]
2025-06-10 17:46:00 DEBUG [http-nio-8080-exec-7] c.b.y.r.bike.BikeRepositoryImpl - Bike Model count from repo: 0
2025-06-10 17:46:00 INFO  [http-nio-8080-exec-7] c.b.y.service.bike.BikeServiceImpl - is existByBikeModel in service: false
2025-06-10 17:46:00 DEBUG [http-nio-8080-exec-1] c.b.y.r.bike.BikeRepositoryImpl - Checking bikeModel in repo: [Saaaaaaaaaaaaaa]
2025-06-10 17:46:00 DEBUG [http-nio-8080-exec-1] c.b.y.r.bike.BikeRepositoryImpl - Bike Model count from repo: 0
2025-06-10 17:46:00 INFO  [http-nio-8080-exec-1] c.b.y.service.bike.BikeServiceImpl - is existByBikeModel in service: false
2025-06-10 17:46:00 DEBUG [http-nio-8080-exec-9] c.b.y.r.bike.BikeRepositoryImpl - Checking bikeModel in repo: [Saaaaaaaaaaaaaaa]
2025-06-10 17:46:00 DEBUG [http-nio-8080-exec-9] c.b.y.r.bike.BikeRepositoryImpl - Bike Model count from repo: 0
2025-06-10 17:46:00 INFO  [http-nio-8080-exec-9] c.b.y.service.bike.BikeServiceImpl - is existByBikeModel in service: false
2025-06-10 17:46:00 DEBUG [http-nio-8080-exec-8] c.b.y.r.bike.BikeRepositoryImpl - Checking bikeModel in repo: [Saaaaaaaaaaaaaaaa]
2025-06-10 17:46:01 DEBUG [http-nio-8080-exec-8] c.b.y.r.bike.BikeRepositoryImpl - Bike Model count from repo: 0
2025-06-10 17:46:01 INFO  [http-nio-8080-exec-8] c.b.y.service.bike.BikeServiceImpl - is existByBikeModel in service: false
2025-06-10 17:46:01 DEBUG [http-nio-8080-exec-3] c.b.y.r.bike.BikeRepositoryImpl - Checking bikeModel in repo: [Saaaaaaaaaaaaaaaaa]
2025-06-10 17:46:01 DEBUG [http-nio-8080-exec-3] c.b.y.r.bike.BikeRepositoryImpl - Bike Model count from repo: 0
2025-06-10 17:46:01 INFO  [http-nio-8080-exec-3] c.b.y.service.bike.BikeServiceImpl - is existByBikeModel in service: false
2025-06-10 17:46:01 DEBUG [http-nio-8080-exec-6] c.b.y.r.bike.BikeRepositoryImpl - Checking bikeModel in repo: [Saaaaaaaaaaaaaaaaaa]
2025-06-10 17:46:01 DEBUG [http-nio-8080-exec-6] c.b.y.r.bike.BikeRepositoryImpl - Bike Model count from repo: 0
2025-06-10 17:46:01 INFO  [http-nio-8080-exec-6] c.b.y.service.bike.BikeServiceImpl - is existByBikeModel in service: false
2025-06-10 17:46:01 DEBUG [http-nio-8080-exec-2] c.b.y.r.bike.BikeRepositoryImpl - Checking bikeModel in repo: [Saaaaaaaaaaaaaaaaaaa]
2025-06-10 17:46:01 DEBUG [http-nio-8080-exec-2] c.b.y.r.bike.BikeRepositoryImpl - Bike Model count from repo: 0
2025-06-10 17:46:01 INFO  [http-nio-8080-exec-2] c.b.y.service.bike.BikeServiceImpl - is existByBikeModel in service: false
2025-06-10 17:46:01 DEBUG [http-nio-8080-exec-10] c.b.y.r.bike.BikeRepositoryImpl - Checking bikeModel in repo: [Saaaaaaaaaaaaaaaaaaaa]
2025-06-10 17:46:01 DEBUG [http-nio-8080-exec-10] c.b.y.r.bike.BikeRepositoryImpl - Bike Model count from repo: 0
2025-06-10 17:46:01 INFO  [http-nio-8080-exec-10] c.b.y.service.bike.BikeServiceImpl - is existByBikeModel in service: false
2025-06-10 17:46:01 DEBUG [http-nio-8080-exec-4] c.b.y.r.bike.BikeRepositoryImpl - Checking bikeModel in repo: [Saaaaaaaaaaaaaaaaaaaaa]
2025-06-10 17:46:01 DEBUG [http-nio-8080-exec-4] c.b.y.r.bike.BikeRepositoryImpl - Bike Model count from repo: 0
2025-06-10 17:46:01 INFO  [http-nio-8080-exec-4] c.b.y.service.bike.BikeServiceImpl - is existByBikeModel in service: false
2025-06-10 17:46:01 DEBUG [http-nio-8080-exec-5] c.b.y.r.bike.BikeRepositoryImpl - Checking bikeModel in repo: [Saaaaaaaaaaaaaaaaaaaaaa]
2025-06-10 17:46:01 DEBUG [http-nio-8080-exec-5] c.b.y.r.bike.BikeRepositoryImpl - Bike Model count from repo: 0
2025-06-10 17:46:01 INFO  [http-nio-8080-exec-5] c.b.y.service.bike.BikeServiceImpl - is existByBikeModel in service: false
2025-06-10 17:46:01 DEBUG [http-nio-8080-exec-7] c.b.y.r.bike.BikeRepositoryImpl - Checking bikeModel in repo: [Saaaaaaaaaaaaaaaaaaaaaaa]
2025-06-10 17:46:01 DEBUG [http-nio-8080-exec-7] c.b.y.r.bike.BikeRepositoryImpl - Bike Model count from repo: 0
2025-06-10 17:46:01 INFO  [http-nio-8080-exec-7] c.b.y.service.bike.BikeServiceImpl - is existByBikeModel in service: false
2025-06-10 17:46:01 DEBUG [http-nio-8080-exec-1] c.b.y.r.bike.BikeRepositoryImpl - Checking bikeModel in repo: [Saaaaaaaaaaaaaaaaaaaaaaaa]
2025-06-10 17:46:01 DEBUG [http-nio-8080-exec-1] c.b.y.r.bike.BikeRepositoryImpl - Bike Model count from repo: 0
2025-06-10 17:46:01 INFO  [http-nio-8080-exec-1] c.b.y.service.bike.BikeServiceImpl - is existByBikeModel in service: false
2025-06-10 17:46:01 DEBUG [http-nio-8080-exec-9] c.b.y.r.bike.BikeRepositoryImpl - Checking bikeModel in repo: [Saaaaaaaaaaaaaaaaaaaaaaaaa]
2025-06-10 17:46:01 DEBUG [http-nio-8080-exec-9] c.b.y.r.bike.BikeRepositoryImpl - Bike Model count from repo: 0
2025-06-10 17:46:01 INFO  [http-nio-8080-exec-9] c.b.y.service.bike.BikeServiceImpl - is existByBikeModel in service: false
2025-06-10 17:46:01 DEBUG [http-nio-8080-exec-8] c.b.y.r.bike.BikeRepositoryImpl - Checking bikeModel in repo: [Saaaaaaaaaaaaaaaaaaaaaaaaaa]
2025-06-10 17:46:01 DEBUG [http-nio-8080-exec-8] c.b.y.r.bike.BikeRepositoryImpl - Bike Model count from repo: 0
2025-06-10 17:46:01 INFO  [http-nio-8080-exec-8] c.b.y.service.bike.BikeServiceImpl - is existByBikeModel in service: false
2025-06-10 17:46:01 DEBUG [http-nio-8080-exec-3] c.b.y.r.bike.BikeRepositoryImpl - Checking bikeModel in repo: [Saaaaaaaaaaaaaaaaaaaaaaaaaaa]
2025-06-10 17:46:01 DEBUG [http-nio-8080-exec-3] c.b.y.r.bike.BikeRepositoryImpl - Bike Model count from repo: 0
2025-06-10 17:46:01 INFO  [http-nio-8080-exec-3] c.b.y.service.bike.BikeServiceImpl - is existByBikeModel in service: false
2025-06-10 17:46:01 DEBUG [http-nio-8080-exec-6] c.b.y.r.bike.BikeRepositoryImpl - Checking bikeModel in repo: [Saaaaaaaaaaaaaaaaaaaaaaaaaaaa]
2025-06-10 17:46:01 DEBUG [http-nio-8080-exec-6] c.b.y.r.bike.BikeRepositoryImpl - Bike Model count from repo: 0
2025-06-10 17:46:01 INFO  [http-nio-8080-exec-6] c.b.y.service.bike.BikeServiceImpl - is existByBikeModel in service: false
2025-06-10 17:46:01 DEBUG [http-nio-8080-exec-2] c.b.y.r.bike.BikeRepositoryImpl - Checking bikeModel in repo: [Saaaaaaaaaaaaaaaaaaaaaaaaaaaaa]
2025-06-10 17:46:01 DEBUG [http-nio-8080-exec-2] c.b.y.r.bike.BikeRepositoryImpl - Bike Model count from repo: 0
2025-06-10 17:46:01 INFO  [http-nio-8080-exec-2] c.b.y.service.bike.BikeServiceImpl - is existByBikeModel in service: false
2025-06-10 17:46:01 DEBUG [http-nio-8080-exec-10] c.b.y.r.bike.BikeRepositoryImpl - Checking bikeModel in repo: [Saaaaaaaaaaaaaaaaaaaaaaaaaaaaaa]
2025-06-10 17:46:01 DEBUG [http-nio-8080-exec-10] c.b.y.r.bike.BikeRepositoryImpl - Bike Model count from repo: 0
2025-06-10 17:46:01 INFO  [http-nio-8080-exec-10] c.b.y.service.bike.BikeServiceImpl - is existByBikeModel in service: false
2025-06-10 17:46:01 DEBUG [http-nio-8080-exec-4] c.b.y.r.bike.BikeRepositoryImpl - Checking bikeModel in repo: [Saaaaaaaaaaaaaaaaaaaaaaaaaaaaaaa]
2025-06-10 17:46:01 DEBUG [http-nio-8080-exec-4] c.b.y.r.bike.BikeRepositoryImpl - Bike Model count from repo: 0
2025-06-10 17:46:01 INFO  [http-nio-8080-exec-4] c.b.y.service.bike.BikeServiceImpl - is existByBikeModel in service: false
2025-06-10 17:46:01 DEBUG [http-nio-8080-exec-5] c.b.y.r.bike.BikeRepositoryImpl - Checking bikeModel in repo: [Saaaaaaaaaaaaaaaaaaaaaaaaaaaaaaaa]
2025-06-10 17:46:01 DEBUG [http-nio-8080-exec-5] c.b.y.r.bike.BikeRepositoryImpl - Bike Model count from repo: 0
2025-06-10 17:46:01 INFO  [http-nio-8080-exec-5] c.b.y.service.bike.BikeServiceImpl - is existByBikeModel in service: false
2025-06-10 17:46:01 DEBUG [http-nio-8080-exec-7] c.b.y.r.bike.BikeRepositoryImpl - Checking bikeModel in repo: [Saaaaaaaaaaaaaaaaaaaaaaaaaaaaaaaaa]
2025-06-10 17:46:01 DEBUG [http-nio-8080-exec-7] c.b.y.r.bike.BikeRepositoryImpl - Bike Model count from repo: 0
2025-06-10 17:46:01 INFO  [http-nio-8080-exec-7] c.b.y.service.bike.BikeServiceImpl - is existByBikeModel in service: false
2025-06-10 17:46:01 DEBUG [http-nio-8080-exec-1] c.b.y.r.bike.BikeRepositoryImpl - Checking bikeModel in repo: [Saaaaaaaaaaaaaaaaaaaaaaaaaaaaaaaaaa]
2025-06-10 17:46:01 DEBUG [http-nio-8080-exec-1] c.b.y.r.bike.BikeRepositoryImpl - Bike Model count from repo: 0
2025-06-10 17:46:01 INFO  [http-nio-8080-exec-1] c.b.y.service.bike.BikeServiceImpl - is existByBikeModel in service: false
2025-06-10 17:46:01 DEBUG [http-nio-8080-exec-9] c.b.y.r.bike.BikeRepositoryImpl - Checking bikeModel in repo: [Saaaaaaaaaaaaaaaaaaaaaaaaaaaaaaaaaaa]
2025-06-10 17:46:01 DEBUG [http-nio-8080-exec-9] c.b.y.r.bike.BikeRepositoryImpl - Bike Model count from repo: 0
2025-06-10 17:46:01 INFO  [http-nio-8080-exec-9] c.b.y.service.bike.BikeServiceImpl - is existByBikeModel in service: false
2025-06-10 17:46:01 DEBUG [http-nio-8080-exec-8] c.b.y.r.bike.BikeRepositoryImpl - Checking bikeModel in repo: [Saaaaaaaaaaaaaaaaaaaaaaaaaaaaaaaaaaaa]
2025-06-10 17:46:01 DEBUG [http-nio-8080-exec-8] c.b.y.r.bike.BikeRepositoryImpl - Bike Model count from repo: 0
2025-06-10 17:46:01 INFO  [http-nio-8080-exec-8] c.b.y.service.bike.BikeServiceImpl - is existByBikeModel in service: false
2025-06-10 17:46:01 DEBUG [http-nio-8080-exec-3] c.b.y.r.bike.BikeRepositoryImpl - Checking bikeModel in repo: [Saaaaaaaaaaaaaaaaaaaaaaaaaaaaaaaaaaaaa]
2025-06-10 17:46:01 DEBUG [http-nio-8080-exec-3] c.b.y.r.bike.BikeRepositoryImpl - Bike Model count from repo: 0
2025-06-10 17:46:01 INFO  [http-nio-8080-exec-3] c.b.y.service.bike.BikeServiceImpl - is existByBikeModel in service: false
2025-06-10 17:46:01 DEBUG [http-nio-8080-exec-6] c.b.y.r.bike.BikeRepositoryImpl - Checking bikeModel in repo: [Saaaaaaaaaaaaaaaaaaaaaaaaaaaaaaaaaaaaaa]
2025-06-10 17:46:01 DEBUG [http-nio-8080-exec-6] c.b.y.r.bike.BikeRepositoryImpl - Bike Model count from repo: 0
2025-06-10 17:46:01 INFO  [http-nio-8080-exec-6] c.b.y.service.bike.BikeServiceImpl - is existByBikeModel in service: false
2025-06-10 17:46:01 DEBUG [http-nio-8080-exec-2] c.b.y.r.bike.BikeRepositoryImpl - Checking bikeModel in repo: [Saaaaaaaaaaaaaaaaaaaaaaaaaaaaaaaaaaaaaaa]
2025-06-10 17:46:01 DEBUG [http-nio-8080-exec-2] c.b.y.r.bike.BikeRepositoryImpl - Bike Model count from repo: 0
2025-06-10 17:46:01 INFO  [http-nio-8080-exec-2] c.b.y.service.bike.BikeServiceImpl - is existByBikeModel in service: false
2025-06-10 17:46:01 DEBUG [http-nio-8080-exec-10] c.b.y.r.bike.BikeRepositoryImpl - Checking bikeModel in repo: [Saaaaaaaaaaaaaaaaaaaaaaaaaaaaaaaaaaaaaaaa]
2025-06-10 17:46:01 DEBUG [http-nio-8080-exec-10] c.b.y.r.bike.BikeRepositoryImpl - Bike Model count from repo: 0
2025-06-10 17:46:01 INFO  [http-nio-8080-exec-10] c.b.y.service.bike.BikeServiceImpl - is existByBikeModel in service: false
2025-06-10 17:46:01 DEBUG [http-nio-8080-exec-4] c.b.y.r.bike.BikeRepositoryImpl - Checking bikeModel in repo: [Saaaaaaaaaaaaaaaaaaaaaaaaaaaaaaaaaaaaaaaaa]
2025-06-10 17:46:01 DEBUG [http-nio-8080-exec-4] c.b.y.r.bike.BikeRepositoryImpl - Bike Model count from repo: 0
2025-06-10 17:46:01 INFO  [http-nio-8080-exec-4] c.b.y.service.bike.BikeServiceImpl - is existByBikeModel in service: false
2025-06-10 17:46:01 DEBUG [http-nio-8080-exec-5] c.b.y.r.bike.BikeRepositoryImpl - Checking bikeModel in repo: [Saaaaaaaaaaaaaaaaaaaaaaaaaaaaaaaaaaaaaaaaaa]
2025-06-10 17:46:01 DEBUG [http-nio-8080-exec-5] c.b.y.r.bike.BikeRepositoryImpl - Bike Model count from repo: 0
2025-06-10 17:46:01 INFO  [http-nio-8080-exec-5] c.b.y.service.bike.BikeServiceImpl - is existByBikeModel in service: false
2025-06-10 17:46:01 DEBUG [http-nio-8080-exec-7] c.b.y.r.bike.BikeRepositoryImpl - Checking bikeModel in repo: [Saaaaaaaaaaaaaaaaaaaaaaaaaaaaaaaaaaaaaaaaaaa]
2025-06-10 17:46:01 DEBUG [http-nio-8080-exec-7] c.b.y.r.bike.BikeRepositoryImpl - Bike Model count from repo: 0
2025-06-10 17:46:01 INFO  [http-nio-8080-exec-7] c.b.y.service.bike.BikeServiceImpl - is existByBikeModel in service: false
2025-06-10 17:46:01 DEBUG [http-nio-8080-exec-1] c.b.y.r.bike.BikeRepositoryImpl - Checking bikeModel in repo: [Saaaaaaaaaaaaaaaaaaaaaaaaaaaaaaaaaaaaaaaaaaaa]
2025-06-10 17:46:01 DEBUG [http-nio-8080-exec-1] c.b.y.r.bike.BikeRepositoryImpl - Bike Model count from repo: 0
2025-06-10 17:46:01 INFO  [http-nio-8080-exec-1] c.b.y.service.bike.BikeServiceImpl - is existByBikeModel in service: false
2025-06-10 17:46:01 DEBUG [http-nio-8080-exec-9] c.b.y.r.bike.BikeRepositoryImpl - Checking bikeModel in repo: [Saaaaaaaaaaaaaaaaaaaaaaaaaaaaaaaaaaaaaaaaaaaaa]
2025-06-10 17:46:01 DEBUG [http-nio-8080-exec-9] c.b.y.r.bike.BikeRepositoryImpl - Bike Model count from repo: 0
2025-06-10 17:46:01 INFO  [http-nio-8080-exec-9] c.b.y.service.bike.BikeServiceImpl - is existByBikeModel in service: false
2025-06-10 17:46:01 DEBUG [http-nio-8080-exec-8] c.b.y.r.bike.BikeRepositoryImpl - Checking bikeModel in repo: [Saaaaaaaaaaaaaaaaaaaaaaaaaaaaaaaaaaaaaaaaaaaaaa]
2025-06-10 17:46:01 DEBUG [http-nio-8080-exec-8] c.b.y.r.bike.BikeRepositoryImpl - Bike Model count from repo: 0
2025-06-10 17:46:01 INFO  [http-nio-8080-exec-8] c.b.y.service.bike.BikeServiceImpl - is existByBikeModel in service: false
2025-06-10 17:46:01 DEBUG [http-nio-8080-exec-3] c.b.y.r.bike.BikeRepositoryImpl - Checking bikeModel in repo: [Saaaaaaaaaaaaaaaaaaaaaaaaaaaaaaaaaaaaaaaaaaaaaaa]
2025-06-10 17:46:01 DEBUG [http-nio-8080-exec-3] c.b.y.r.bike.BikeRepositoryImpl - Bike Model count from repo: 0
2025-06-10 17:46:01 INFO  [http-nio-8080-exec-3] c.b.y.service.bike.BikeServiceImpl - is existByBikeModel in service: false
2025-06-10 17:46:01 DEBUG [http-nio-8080-exec-6] c.b.y.r.bike.BikeRepositoryImpl - Checking bikeModel in repo: [Saaaaaaaaaaaaaaaaaaaaaaaaaaaaaaaaaaaaaaaaaaaaaaaa]
2025-06-10 17:46:01 DEBUG [http-nio-8080-exec-6] c.b.y.r.bike.BikeRepositoryImpl - Bike Model count from repo: 0
2025-06-10 17:46:01 INFO  [http-nio-8080-exec-6] c.b.y.service.bike.BikeServiceImpl - is existByBikeModel in service: false
2025-06-10 17:46:02 DEBUG [http-nio-8080-exec-2] c.b.y.r.bike.BikeRepositoryImpl - Checking bikeModel in repo: [Saaaaaaaaaaaaaaaaaaaaaaaaaaaaaaaaaaaaaaaaaaaaaaaaa]
2025-06-10 17:46:02 DEBUG [http-nio-8080-exec-2] c.b.y.r.bike.BikeRepositoryImpl - Bike Model count from repo: 0
2025-06-10 17:46:02 INFO  [http-nio-8080-exec-2] c.b.y.service.bike.BikeServiceImpl - is existByBikeModel in service: false
2025-06-10 17:46:02 DEBUG [http-nio-8080-exec-10] c.b.y.r.bike.BikeRepositoryImpl - Checking bikeModel in repo: [Saaaaaaaaaaaaaaaaaaaaaaaaaaaaaaaaaaaaaaaaaaaaaaaaaa]
2025-06-10 17:46:02 DEBUG [http-nio-8080-exec-10] c.b.y.r.bike.BikeRepositoryImpl - Bike Model count from repo: 0
2025-06-10 17:46:02 INFO  [http-nio-8080-exec-10] c.b.y.service.bike.BikeServiceImpl - is existByBikeModel in service: false
2025-06-10 17:46:02 DEBUG [http-nio-8080-exec-4] c.b.y.r.bike.BikeRepositoryImpl - Checking bikeModel in repo: [Saaaaaaaaaaaaaaaaaaaaaaaaaaaaaaaaaaaaaaaaaaaaaaaaaaa]
2025-06-10 17:46:02 DEBUG [http-nio-8080-exec-4] c.b.y.r.bike.BikeRepositoryImpl - Bike Model count from repo: 0
2025-06-10 17:46:02 INFO  [http-nio-8080-exec-4] c.b.y.service.bike.BikeServiceImpl - is existByBikeModel in service: false
2025-06-10 17:46:02 DEBUG [http-nio-8080-exec-5] c.b.y.r.bike.BikeRepositoryImpl - Checking bikeModel in repo: [Saaaaaaaaaaaaaaaaaaaaaaaaaaaaaaaaaaaaaaaaaaaaaaaaaaaa]
2025-06-10 17:46:02 DEBUG [http-nio-8080-exec-5] c.b.y.r.bike.BikeRepositoryImpl - Bike Model count from repo: 0
2025-06-10 17:46:02 INFO  [http-nio-8080-exec-5] c.b.y.service.bike.BikeServiceImpl - is existByBikeModel in service: false
2025-06-10 17:46:02 DEBUG [http-nio-8080-exec-7] c.b.y.r.bike.BikeRepositoryImpl - Checking bikeModel in repo: [Saaaaaaaaaaaaaaaaaaaaaaaaaaaaaaaaaaaaaaaaaaaaaaaaaaaaa]
2025-06-10 17:46:02 DEBUG [http-nio-8080-exec-7] c.b.y.r.bike.BikeRepositoryImpl - Bike Model count from repo: 0
2025-06-10 17:46:02 INFO  [http-nio-8080-exec-7] c.b.y.service.bike.BikeServiceImpl - is existByBikeModel in service: false
2025-06-10 18:11:47 DEBUG [main] c.b.y.configuration.WebInitializer - No ContextLoaderListener registered, as createRootApplicationContext() did not return an application context
2025-06-10 18:11:48 INFO  [main] o.h.jpa.internal.util.LogHelper - HHH000204: Processing PersistenceUnitInfo [name: default]
2025-06-10 18:11:49 INFO  [main] org.hibernate.Version - HHH000412: Hibernate ORM core version 5.6.15.Final
2025-06-10 18:11:49 INFO  [main] o.h.annotations.common.Version - HCANN000001: Hibernate Commons Annotations {5.1.2.Final}
2025-06-10 18:11:51 INFO  [main] org.hibernate.dialect.Dialect - HHH000400: Using dialect: org.hibernate.dialect.MySQL8Dialect
2025-06-10 18:11:52 INFO  [main] o.h.validator.internal.util.Version - HV000001: Hibernate Validator 6.2.0.Final
2025-06-10 18:11:54 INFO  [main] o.h.e.t.j.p.i.JtaPlatformInitiator - HHH000490: Using JtaPlatform implementation: [org.hibernate.engine.transaction.jta.platform.internal.NoJtaPlatform]
2025-06-10 18:12:02 DEBUG [http-nio-8080-exec-2] c.b.y.r.bike.BikeRepositoryImpl - Checking bikeModel in repo: [nu]
2025-06-10 18:12:02 DEBUG [http-nio-8080-exec-9] c.b.y.r.bike.BikeRepositoryImpl - Checking bikeModel in repo: [nul]
2025-06-10 18:12:02 DEBUG [http-nio-8080-exec-1] c.b.y.r.bike.BikeRepositoryImpl - Checking bikeModel in repo: [n]
2025-06-10 18:12:03 DEBUG [http-nio-8080-exec-2] c.b.y.r.bike.BikeRepositoryImpl - Bike Model count from repo: 0
2025-06-10 18:12:03 DEBUG [http-nio-8080-exec-9] c.b.y.r.bike.BikeRepositoryImpl - Bike Model count from repo: 0
2025-06-10 18:12:03 INFO  [http-nio-8080-exec-2] c.b.y.service.bike.BikeServiceImpl - is existByBikeModel in service: false
2025-06-10 18:12:03 INFO  [http-nio-8080-exec-9] c.b.y.service.bike.BikeServiceImpl - is existByBikeModel in service: false
2025-06-10 18:12:03 DEBUG [http-nio-8080-exec-1] c.b.y.r.bike.BikeRepositoryImpl - Bike Model count from repo: 0
2025-06-10 18:12:03 INFO  [http-nio-8080-exec-1] c.b.y.service.bike.BikeServiceImpl - is existByBikeModel in service: false
2025-06-10 18:12:03 DEBUG [http-nio-8080-exec-4] c.b.y.r.bike.BikeRepositoryImpl - Checking bikeModel in repo: [null]
2025-06-10 18:12:03 DEBUG [http-nio-8080-exec-4] c.b.y.r.bike.BikeRepositoryImpl - Bike Model count from repo: 0
2025-06-10 18:12:03 INFO  [http-nio-8080-exec-4] c.b.y.service.bike.BikeServiceImpl - is existByBikeModel in service: false
2025-06-10 18:12:10 DEBUG [http-nio-8080-exec-6] c.b.y.r.bike.BikeRepositoryImpl - Checking bikeModel in repo: [n]
2025-06-10 18:12:10 DEBUG [http-nio-8080-exec-6] c.b.y.r.bike.BikeRepositoryImpl - Bike Model count from repo: 0
2025-06-10 18:12:10 INFO  [http-nio-8080-exec-6] c.b.y.service.bike.BikeServiceImpl - is existByBikeModel in service: false
2025-06-10 18:12:10 DEBUG [http-nio-8080-exec-7] c.b.y.r.bike.BikeRepositoryImpl - Checking bikeModel in repo: [nj]
2025-06-10 18:12:10 DEBUG [http-nio-8080-exec-7] c.b.y.r.bike.BikeRepositoryImpl - Bike Model count from repo: 0
2025-06-10 18:12:10 INFO  [http-nio-8080-exec-7] c.b.y.service.bike.BikeServiceImpl - is existByBikeModel in service: false
2025-06-10 18:12:28 DEBUG [http-nio-8080-exec-6] c.b.y.r.bike.BikeRepositoryImpl - Checking bikeModel in repo: [n]
2025-06-10 18:12:28 DEBUG [http-nio-8080-exec-6] c.b.y.r.bike.BikeRepositoryImpl - Bike Model count from repo: 0
2025-06-10 18:12:28 INFO  [http-nio-8080-exec-6] c.b.y.service.bike.BikeServiceImpl - is existByBikeModel in service: false
2025-06-10 18:12:33 DEBUG [http-nio-8080-exec-9] c.b.y.r.bike.BikeRepositoryImpl - Checking bikeModel in repo: [nn]
2025-06-10 18:12:33 DEBUG [http-nio-8080-exec-9] c.b.y.r.bike.BikeRepositoryImpl - Bike Model count from repo: 0
2025-06-10 18:12:33 INFO  [http-nio-8080-exec-9] c.b.y.service.bike.BikeServiceImpl - is existByBikeModel in service: false
2025-06-10 18:12:34 DEBUG [http-nio-8080-exec-7] c.b.y.r.bike.BikeRepositoryImpl - Checking bikeModel in repo: [nnn]
2025-06-10 18:12:34 DEBUG [http-nio-8080-exec-7] c.b.y.r.bike.BikeRepositoryImpl - Bike Model count from repo: 0
2025-06-10 18:12:34 INFO  [http-nio-8080-exec-7] c.b.y.service.bike.BikeServiceImpl - is existByBikeModel in service: false
2025-06-10 18:12:34 DEBUG [http-nio-8080-exec-4] c.b.y.r.bike.BikeRepositoryImpl - Checking bikeModel in repo: [nnnn]
2025-06-10 18:12:34 DEBUG [http-nio-8080-exec-4] c.b.y.r.bike.BikeRepositoryImpl - Bike Model count from repo: 0
2025-06-10 18:12:34 INFO  [http-nio-8080-exec-4] c.b.y.service.bike.BikeServiceImpl - is existByBikeModel in service: false
2025-06-10 18:12:34 DEBUG [http-nio-8080-exec-6] c.b.y.r.bike.BikeRepositoryImpl - Checking bikeModel in repo: [nnnnn]
2025-06-10 18:12:34 DEBUG [http-nio-8080-exec-6] c.b.y.r.bike.BikeRepositoryImpl - Bike Model count from repo: 0
2025-06-10 18:12:34 INFO  [http-nio-8080-exec-6] c.b.y.service.bike.BikeServiceImpl - is existByBikeModel in service: false
2025-06-10 18:12:34 DEBUG [http-nio-8080-exec-8] c.b.y.r.bike.BikeRepositoryImpl - Checking bikeModel in repo: [nnnnnn]
2025-06-10 18:12:34 DEBUG [http-nio-8080-exec-8] c.b.y.r.bike.BikeRepositoryImpl - Bike Model count from repo: 0
2025-06-10 18:12:34 INFO  [http-nio-8080-exec-8] c.b.y.service.bike.BikeServiceImpl - is existByBikeModel in service: false
2025-06-10 18:12:34 DEBUG [http-nio-8080-exec-2] c.b.y.r.bike.BikeRepositoryImpl - Checking bikeModel in repo: [nnnnnnn]
2025-06-10 18:12:34 DEBUG [http-nio-8080-exec-2] c.b.y.r.bike.BikeRepositoryImpl - Bike Model count from repo: 0
2025-06-10 18:12:34 INFO  [http-nio-8080-exec-2] c.b.y.service.bike.BikeServiceImpl - is existByBikeModel in service: false
2025-06-10 18:12:34 DEBUG [http-nio-8080-exec-1] c.b.y.r.bike.BikeRepositoryImpl - Checking bikeModel in repo: [nnnnnnnn]
2025-06-10 18:12:34 DEBUG [http-nio-8080-exec-1] c.b.y.r.bike.BikeRepositoryImpl - Bike Model count from repo: 0
2025-06-10 18:12:34 DEBUG [http-nio-8080-exec-10] c.b.y.r.bike.BikeRepositoryImpl - Checking bikeModel in repo: [nnnnnnnnn]
2025-06-10 18:12:34 INFO  [http-nio-8080-exec-1] c.b.y.service.bike.BikeServiceImpl - is existByBikeModel in service: false
2025-06-10 18:12:34 DEBUG [http-nio-8080-exec-10] c.b.y.r.bike.BikeRepositoryImpl - Bike Model count from repo: 0
2025-06-10 18:12:34 INFO  [http-nio-8080-exec-10] c.b.y.service.bike.BikeServiceImpl - is existByBikeModel in service: false
2025-06-10 18:12:34 DEBUG [http-nio-8080-exec-3] c.b.y.r.bike.BikeRepositoryImpl - Checking bikeModel in repo: [nnnnnnnnnn]
2025-06-10 18:12:34 DEBUG [http-nio-8080-exec-3] c.b.y.r.bike.BikeRepositoryImpl - Bike Model count from repo: 0
2025-06-10 18:12:34 INFO  [http-nio-8080-exec-3] c.b.y.service.bike.BikeServiceImpl - is existByBikeModel in service: false
2025-06-10 18:12:34 DEBUG [http-nio-8080-exec-5] c.b.y.r.bike.BikeRepositoryImpl - Checking bikeModel in repo: [nnnnnnnnnnn]
2025-06-10 18:12:34 DEBUG [http-nio-8080-exec-5] c.b.y.r.bike.BikeRepositoryImpl - Bike Model count from repo: 0
2025-06-10 18:12:34 INFO  [http-nio-8080-exec-5] c.b.y.service.bike.BikeServiceImpl - is existByBikeModel in service: false
2025-06-10 18:12:34 DEBUG [http-nio-8080-exec-9] c.b.y.r.bike.BikeRepositoryImpl - Checking bikeModel in repo: [nnnnnnnnnnnn]
2025-06-10 18:12:34 DEBUG [http-nio-8080-exec-9] c.b.y.r.bike.BikeRepositoryImpl - Bike Model count from repo: 0
2025-06-10 18:12:34 INFO  [http-nio-8080-exec-9] c.b.y.service.bike.BikeServiceImpl - is existByBikeModel in service: false
2025-06-10 18:12:34 DEBUG [http-nio-8080-exec-7] c.b.y.r.bike.BikeRepositoryImpl - Checking bikeModel in repo: [nnnnnnnnnnnnn]
2025-06-10 18:12:34 DEBUG [http-nio-8080-exec-7] c.b.y.r.bike.BikeRepositoryImpl - Bike Model count from repo: 0
2025-06-10 18:12:34 INFO  [http-nio-8080-exec-7] c.b.y.service.bike.BikeServiceImpl - is existByBikeModel in service: false
2025-06-10 18:12:34 DEBUG [http-nio-8080-exec-4] c.b.y.r.bike.BikeRepositoryImpl - Checking bikeModel in repo: [nnnnnnnnnnnnnn]
2025-06-10 18:12:34 DEBUG [http-nio-8080-exec-4] c.b.y.r.bike.BikeRepositoryImpl - Bike Model count from repo: 0
2025-06-10 18:12:34 INFO  [http-nio-8080-exec-4] c.b.y.service.bike.BikeServiceImpl - is existByBikeModel in service: false
2025-06-10 18:12:34 DEBUG [http-nio-8080-exec-6] c.b.y.r.bike.BikeRepositoryImpl - Checking bikeModel in repo: [nnnnnnnnnnnnnnn]
2025-06-10 18:12:34 DEBUG [http-nio-8080-exec-6] c.b.y.r.bike.BikeRepositoryImpl - Bike Model count from repo: 0
2025-06-10 18:12:34 INFO  [http-nio-8080-exec-6] c.b.y.service.bike.BikeServiceImpl - is existByBikeModel in service: false
2025-06-10 18:12:34 DEBUG [http-nio-8080-exec-8] c.b.y.r.bike.BikeRepositoryImpl - Checking bikeModel in repo: [nnnnnnnnnnnnnnnn]
2025-06-10 18:12:34 DEBUG [http-nio-8080-exec-8] c.b.y.r.bike.BikeRepositoryImpl - Bike Model count from repo: 0
2025-06-10 18:12:34 INFO  [http-nio-8080-exec-8] c.b.y.service.bike.BikeServiceImpl - is existByBikeModel in service: false
2025-06-10 18:12:34 DEBUG [http-nio-8080-exec-2] c.b.y.r.bike.BikeRepositoryImpl - Checking bikeModel in repo: [nnnnnnnnnnnnnnnnn]
2025-06-10 18:12:34 DEBUG [http-nio-8080-exec-2] c.b.y.r.bike.BikeRepositoryImpl - Bike Model count from repo: 0
2025-06-10 18:12:34 INFO  [http-nio-8080-exec-2] c.b.y.service.bike.BikeServiceImpl - is existByBikeModel in service: false
2025-06-10 18:12:34 DEBUG [http-nio-8080-exec-1] c.b.y.r.bike.BikeRepositoryImpl - Checking bikeModel in repo: [nnnnnnnnnnnnnnnnnn]
2025-06-10 18:12:34 DEBUG [http-nio-8080-exec-1] c.b.y.r.bike.BikeRepositoryImpl - Bike Model count from repo: 0
2025-06-10 18:12:34 INFO  [http-nio-8080-exec-1] c.b.y.service.bike.BikeServiceImpl - is existByBikeModel in service: false
2025-06-10 18:12:34 DEBUG [http-nio-8080-exec-10] c.b.y.r.bike.BikeRepositoryImpl - Checking bikeModel in repo: [nnnnnnnnnnnnnnnnnnn]
2025-06-10 18:12:34 DEBUG [http-nio-8080-exec-10] c.b.y.r.bike.BikeRepositoryImpl - Bike Model count from repo: 0
2025-06-10 18:12:34 INFO  [http-nio-8080-exec-10] c.b.y.service.bike.BikeServiceImpl - is existByBikeModel in service: false
2025-06-10 18:12:34 DEBUG [http-nio-8080-exec-3] c.b.y.r.bike.BikeRepositoryImpl - Checking bikeModel in repo: [nnnnnnnnnnnnnnnnnnnn]
2025-06-10 18:12:34 DEBUG [http-nio-8080-exec-3] c.b.y.r.bike.BikeRepositoryImpl - Bike Model count from repo: 0
2025-06-10 18:12:34 INFO  [http-nio-8080-exec-3] c.b.y.service.bike.BikeServiceImpl - is existByBikeModel in service: false
2025-06-10 18:12:34 DEBUG [http-nio-8080-exec-5] c.b.y.r.bike.BikeRepositoryImpl - Checking bikeModel in repo: [nnnnnnnnnnnnnnnnnnnnn]
2025-06-10 18:12:34 DEBUG [http-nio-8080-exec-5] c.b.y.r.bike.BikeRepositoryImpl - Bike Model count from repo: 0
2025-06-10 18:12:34 INFO  [http-nio-8080-exec-5] c.b.y.service.bike.BikeServiceImpl - is existByBikeModel in service: false
2025-06-10 18:12:34 DEBUG [http-nio-8080-exec-9] c.b.y.r.bike.BikeRepositoryImpl - Checking bikeModel in repo: [nnnnnnnnnnnnnnnnnnnnnn]
2025-06-10 18:12:34 DEBUG [http-nio-8080-exec-9] c.b.y.r.bike.BikeRepositoryImpl - Bike Model count from repo: 0
2025-06-10 18:12:34 INFO  [http-nio-8080-exec-9] c.b.y.service.bike.BikeServiceImpl - is existByBikeModel in service: false
2025-06-10 18:12:34 DEBUG [http-nio-8080-exec-7] c.b.y.r.bike.BikeRepositoryImpl - Checking bikeModel in repo: [nnnnnnnnnnnnnnnnnnnnnnn]
2025-06-10 18:12:34 DEBUG [http-nio-8080-exec-7] c.b.y.r.bike.BikeRepositoryImpl - Bike Model count from repo: 0
2025-06-10 18:12:34 INFO  [http-nio-8080-exec-7] c.b.y.service.bike.BikeServiceImpl - is existByBikeModel in service: false
2025-06-10 18:12:34 DEBUG [http-nio-8080-exec-4] c.b.y.r.bike.BikeRepositoryImpl - Checking bikeModel in repo: [nnnnnnnnnnnnnnnnnnnnnnnn]
2025-06-10 18:12:34 DEBUG [http-nio-8080-exec-4] c.b.y.r.bike.BikeRepositoryImpl - Bike Model count from repo: 0
2025-06-10 18:12:34 INFO  [http-nio-8080-exec-4] c.b.y.service.bike.BikeServiceImpl - is existByBikeModel in service: false
2025-06-10 18:12:34 DEBUG [http-nio-8080-exec-6] c.b.y.r.bike.BikeRepositoryImpl - Checking bikeModel in repo: [nnnnnnnnnnnnnnnnnnnnnnnnn]
2025-06-10 18:12:34 DEBUG [http-nio-8080-exec-6] c.b.y.r.bike.BikeRepositoryImpl - Bike Model count from repo: 0
2025-06-10 18:12:34 INFO  [http-nio-8080-exec-6] c.b.y.service.bike.BikeServiceImpl - is existByBikeModel in service: false
2025-06-10 18:12:34 DEBUG [http-nio-8080-exec-8] c.b.y.r.bike.BikeRepositoryImpl - Checking bikeModel in repo: [nnnnnnnnnnnnnnnnnnnnnnnnnn]
2025-06-10 18:12:34 DEBUG [http-nio-8080-exec-8] c.b.y.r.bike.BikeRepositoryImpl - Bike Model count from repo: 0
2025-06-10 18:12:34 INFO  [http-nio-8080-exec-8] c.b.y.service.bike.BikeServiceImpl - is existByBikeModel in service: false
2025-06-10 18:12:34 DEBUG [http-nio-8080-exec-2] c.b.y.r.bike.BikeRepositoryImpl - Checking bikeModel in repo: [nnnnnnnnnnnnnnnnnnnnnnnnnnn]
2025-06-10 18:12:34 DEBUG [http-nio-8080-exec-2] c.b.y.r.bike.BikeRepositoryImpl - Bike Model count from repo: 0
2025-06-10 18:12:34 INFO  [http-nio-8080-exec-2] c.b.y.service.bike.BikeServiceImpl - is existByBikeModel in service: false
2025-06-10 18:12:35 DEBUG [http-nio-8080-exec-1] c.b.y.r.bike.BikeRepositoryImpl - Checking bikeModel in repo: [nnnnnnnnnnnnnnnnnnnnnnnnnnnn]
2025-06-10 18:12:35 DEBUG [http-nio-8080-exec-1] c.b.y.r.bike.BikeRepositoryImpl - Bike Model count from repo: 0
2025-06-10 18:12:35 INFO  [http-nio-8080-exec-1] c.b.y.service.bike.BikeServiceImpl - is existByBikeModel in service: false
2025-06-10 18:12:35 DEBUG [http-nio-8080-exec-10] c.b.y.r.bike.BikeRepositoryImpl - Checking bikeModel in repo: [nnnnnnnnnnnnnnnnnnnnnnnnnnnnn]
2025-06-10 18:12:35 DEBUG [http-nio-8080-exec-10] c.b.y.r.bike.BikeRepositoryImpl - Bike Model count from repo: 0
2025-06-10 18:12:35 INFO  [http-nio-8080-exec-10] c.b.y.service.bike.BikeServiceImpl - is existByBikeModel in service: false
2025-06-10 18:12:35 DEBUG [http-nio-8080-exec-3] c.b.y.r.bike.BikeRepositoryImpl - Checking bikeModel in repo: [nnnnnnnnnnnnnnnnnnnnnnnnnnnnnn]
2025-06-10 18:12:35 DEBUG [http-nio-8080-exec-3] c.b.y.r.bike.BikeRepositoryImpl - Bike Model count from repo: 0
2025-06-10 18:12:35 INFO  [http-nio-8080-exec-3] c.b.y.service.bike.BikeServiceImpl - is existByBikeModel in service: false
2025-06-10 18:12:35 DEBUG [http-nio-8080-exec-5] c.b.y.r.bike.BikeRepositoryImpl - Checking bikeModel in repo: [nnnnnnnnnnnnnnnnnnnnnnnnnnnnnnn]
2025-06-10 18:12:35 DEBUG [http-nio-8080-exec-5] c.b.y.r.bike.BikeRepositoryImpl - Bike Model count from repo: 0
2025-06-10 18:12:35 INFO  [http-nio-8080-exec-5] c.b.y.service.bike.BikeServiceImpl - is existByBikeModel in service: false
2025-06-10 18:12:35 DEBUG [http-nio-8080-exec-9] c.b.y.r.bike.BikeRepositoryImpl - Checking bikeModel in repo: [nnnnnnnnnnnnnnnnnnnnnnnnnnnnnnnn]
2025-06-10 18:12:35 DEBUG [http-nio-8080-exec-9] c.b.y.r.bike.BikeRepositoryImpl - Bike Model count from repo: 0
2025-06-10 18:12:35 INFO  [http-nio-8080-exec-9] c.b.y.service.bike.BikeServiceImpl - is existByBikeModel in service: false
2025-06-10 18:12:35 DEBUG [http-nio-8080-exec-7] c.b.y.r.bike.BikeRepositoryImpl - Checking bikeModel in repo: [nnnnnnnnnnnnnnnnnnnnnnnnnnnnnnnnn]
2025-06-10 18:12:35 DEBUG [http-nio-8080-exec-7] c.b.y.r.bike.BikeRepositoryImpl - Bike Model count from repo: 0
2025-06-10 18:12:35 INFO  [http-nio-8080-exec-7] c.b.y.service.bike.BikeServiceImpl - is existByBikeModel in service: false
2025-06-10 18:12:35 DEBUG [http-nio-8080-exec-4] c.b.y.r.bike.BikeRepositoryImpl - Checking bikeModel in repo: [nnnnnnnnnnnnnnnnnnnnnnnnnnnnnnnnnn]
2025-06-10 18:12:35 DEBUG [http-nio-8080-exec-4] c.b.y.r.bike.BikeRepositoryImpl - Bike Model count from repo: 0
2025-06-10 18:12:35 INFO  [http-nio-8080-exec-4] c.b.y.service.bike.BikeServiceImpl - is existByBikeModel in service: false
2025-06-10 18:12:35 DEBUG [http-nio-8080-exec-6] c.b.y.r.bike.BikeRepositoryImpl - Checking bikeModel in repo: [nnnnnnnnnnnnnnnnnnnnnnnnnnnnnnnnnnn]
2025-06-10 18:12:35 DEBUG [http-nio-8080-exec-6] c.b.y.r.bike.BikeRepositoryImpl - Bike Model count from repo: 0
2025-06-10 18:12:35 INFO  [http-nio-8080-exec-6] c.b.y.service.bike.BikeServiceImpl - is existByBikeModel in service: false
2025-06-10 18:12:35 DEBUG [http-nio-8080-exec-8] c.b.y.r.bike.BikeRepositoryImpl - Checking bikeModel in repo: [nnnnnnnnnnnnnnnnnnnnnnnnnnnnnnnnnnnn]
2025-06-10 18:12:35 DEBUG [http-nio-8080-exec-8] c.b.y.r.bike.BikeRepositoryImpl - Bike Model count from repo: 0
2025-06-10 18:12:35 INFO  [http-nio-8080-exec-8] c.b.y.service.bike.BikeServiceImpl - is existByBikeModel in service: false
2025-06-10 18:12:35 DEBUG [http-nio-8080-exec-2] c.b.y.r.bike.BikeRepositoryImpl - Checking bikeModel in repo: [nnnnnnnnnnnnnnnnnnnnnnnnnnnnnnnnnnnnn]
2025-06-10 18:12:35 DEBUG [http-nio-8080-exec-2] c.b.y.r.bike.BikeRepositoryImpl - Bike Model count from repo: 0
2025-06-10 18:12:35 INFO  [http-nio-8080-exec-2] c.b.y.service.bike.BikeServiceImpl - is existByBikeModel in service: false
2025-06-10 18:12:35 DEBUG [http-nio-8080-exec-1] c.b.y.r.bike.BikeRepositoryImpl - Checking bikeModel in repo: [nnnnnnnnnnnnnnnnnnnnnnnnnnnnnnnnnnnnnn]
2025-06-10 18:12:35 DEBUG [http-nio-8080-exec-1] c.b.y.r.bike.BikeRepositoryImpl - Bike Model count from repo: 0
2025-06-10 18:12:35 INFO  [http-nio-8080-exec-1] c.b.y.service.bike.BikeServiceImpl - is existByBikeModel in service: false
2025-06-10 18:12:35 DEBUG [http-nio-8080-exec-10] c.b.y.r.bike.BikeRepositoryImpl - Checking bikeModel in repo: [nnnnnnnnnnnnnnnnnnnnnnnnnnnnnnnnnnnnnnn]
2025-06-10 18:12:35 DEBUG [http-nio-8080-exec-10] c.b.y.r.bike.BikeRepositoryImpl - Bike Model count from repo: 0
2025-06-10 18:12:35 INFO  [http-nio-8080-exec-10] c.b.y.service.bike.BikeServiceImpl - is existByBikeModel in service: false
2025-06-10 18:12:35 DEBUG [http-nio-8080-exec-3] c.b.y.r.bike.BikeRepositoryImpl - Checking bikeModel in repo: [nnnnnnnnnnnnnnnnnnnnnnnnnnnnnnnnnnnnnnnn]
2025-06-10 18:12:35 DEBUG [http-nio-8080-exec-3] c.b.y.r.bike.BikeRepositoryImpl - Bike Model count from repo: 0
2025-06-10 18:12:35 INFO  [http-nio-8080-exec-3] c.b.y.service.bike.BikeServiceImpl - is existByBikeModel in service: false
2025-06-10 18:12:35 DEBUG [http-nio-8080-exec-5] c.b.y.r.bike.BikeRepositoryImpl - Checking bikeModel in repo: [nnnnnnnnnnnnnnnnnnnnnnnnnnnnnnnnnnnnnnnnn]
2025-06-10 18:12:35 DEBUG [http-nio-8080-exec-5] c.b.y.r.bike.BikeRepositoryImpl - Bike Model count from repo: 0
2025-06-10 18:12:35 INFO  [http-nio-8080-exec-5] c.b.y.service.bike.BikeServiceImpl - is existByBikeModel in service: false
2025-06-10 18:12:35 DEBUG [http-nio-8080-exec-9] c.b.y.r.bike.BikeRepositoryImpl - Checking bikeModel in repo: [nnnnnnnnnnnnnnnnnnnnnnnnnnnnnnnnnnnnnnnnnn]
2025-06-10 18:12:35 DEBUG [http-nio-8080-exec-9] c.b.y.r.bike.BikeRepositoryImpl - Bike Model count from repo: 0
2025-06-10 18:12:35 INFO  [http-nio-8080-exec-9] c.b.y.service.bike.BikeServiceImpl - is existByBikeModel in service: false
2025-06-10 18:12:35 DEBUG [http-nio-8080-exec-7] c.b.y.r.bike.BikeRepositoryImpl - Checking bikeModel in repo: [nnnnnnnnnnnnnnnnnnnnnnnnnnnnnnnnnnnnnnnnnnn]
2025-06-10 18:12:35 DEBUG [http-nio-8080-exec-7] c.b.y.r.bike.BikeRepositoryImpl - Bike Model count from repo: 0
2025-06-10 18:12:35 INFO  [http-nio-8080-exec-7] c.b.y.service.bike.BikeServiceImpl - is existByBikeModel in service: false
2025-06-10 18:12:35 DEBUG [http-nio-8080-exec-4] c.b.y.r.bike.BikeRepositoryImpl - Checking bikeModel in repo: [nnnnnnnnnnnnnnnnnnnnnnnnnnnnnnnnnnnnnnnnnnnn]
2025-06-10 18:12:35 DEBUG [http-nio-8080-exec-4] c.b.y.r.bike.BikeRepositoryImpl - Bike Model count from repo: 0
2025-06-10 18:12:35 INFO  [http-nio-8080-exec-4] c.b.y.service.bike.BikeServiceImpl - is existByBikeModel in service: false
2025-06-10 18:12:35 DEBUG [http-nio-8080-exec-6] c.b.y.r.bike.BikeRepositoryImpl - Checking bikeModel in repo: [nnnnnnnnnnnnnnnnnnnnnnnnnnnnnnnnnnnnnnnnnnnnn]
2025-06-10 18:12:35 DEBUG [http-nio-8080-exec-6] c.b.y.r.bike.BikeRepositoryImpl - Bike Model count from repo: 0
2025-06-10 18:12:35 INFO  [http-nio-8080-exec-6] c.b.y.service.bike.BikeServiceImpl - is existByBikeModel in service: false
2025-06-10 18:12:35 DEBUG [http-nio-8080-exec-8] c.b.y.r.bike.BikeRepositoryImpl - Checking bikeModel in repo: [nnnnnnnnnnnnnnnnnnnnnnnnnnnnnnnnnnnnnnnnnnnnnn]
2025-06-10 18:12:35 DEBUG [http-nio-8080-exec-8] c.b.y.r.bike.BikeRepositoryImpl - Bike Model count from repo: 0
2025-06-10 18:12:35 INFO  [http-nio-8080-exec-8] c.b.y.service.bike.BikeServiceImpl - is existByBikeModel in service: false
2025-06-10 18:12:35 DEBUG [http-nio-8080-exec-2] c.b.y.r.bike.BikeRepositoryImpl - Checking bikeModel in repo: [nnnnnnnnnnnnnnnnnnnnnnnnnnnnnnnnnnnnnnnnnnnnnnn]
2025-06-10 18:12:35 DEBUG [http-nio-8080-exec-2] c.b.y.r.bike.BikeRepositoryImpl - Bike Model count from repo: 0
2025-06-10 18:12:35 INFO  [http-nio-8080-exec-2] c.b.y.service.bike.BikeServiceImpl - is existByBikeModel in service: false
2025-06-10 18:12:35 DEBUG [http-nio-8080-exec-1] c.b.y.r.bike.BikeRepositoryImpl - Checking bikeModel in repo: [nnnnnnnnnnnnnnnnnnnnnnnnnnnnnnnnnnnnnnnnnnnnnnnn]
2025-06-10 18:12:35 DEBUG [http-nio-8080-exec-1] c.b.y.r.bike.BikeRepositoryImpl - Bike Model count from repo: 0
2025-06-10 18:12:35 INFO  [http-nio-8080-exec-1] c.b.y.service.bike.BikeServiceImpl - is existByBikeModel in service: false
2025-06-10 18:12:35 DEBUG [http-nio-8080-exec-10] c.b.y.r.bike.BikeRepositoryImpl - Checking bikeModel in repo: [nnnnnnnnnnnnnnnnnnnnnnnnnnnnnnnnnnnnnnnnnnnnnnnnn]
2025-06-10 18:12:35 DEBUG [http-nio-8080-exec-10] c.b.y.r.bike.BikeRepositoryImpl - Bike Model count from repo: 0
2025-06-10 18:12:35 INFO  [http-nio-8080-exec-10] c.b.y.service.bike.BikeServiceImpl - is existByBikeModel in service: false
2025-06-10 18:12:35 DEBUG [http-nio-8080-exec-3] c.b.y.r.bike.BikeRepositoryImpl - Checking bikeModel in repo: [nnnnnnnnnnnnnnnnnnnnnnnnnnnnnnnnnnnnnnnnnnnnnnnnnn]
2025-06-10 18:12:35 DEBUG [http-nio-8080-exec-3] c.b.y.r.bike.BikeRepositoryImpl - Bike Model count from repo: 0
2025-06-10 18:12:35 INFO  [http-nio-8080-exec-3] c.b.y.service.bike.BikeServiceImpl - is existByBikeModel in service: false
2025-06-10 18:12:54 DEBUG [http-nio-8080-exec-8] c.b.y.r.bike.BikeRepositoryImpl - Checking bikeModel in repo: [y]
2025-06-10 18:12:54 DEBUG [http-nio-8080-exec-8] c.b.y.r.bike.BikeRepositoryImpl - Bike Model count from repo: 0
2025-06-10 18:12:54 INFO  [http-nio-8080-exec-8] c.b.y.service.bike.BikeServiceImpl - is existByBikeModel in service: false
2025-06-10 18:12:54 DEBUG [http-nio-8080-exec-2] c.b.y.r.bike.BikeRepositoryImpl - Checking bikeModel in repo: [ya]
2025-06-10 18:12:54 DEBUG [http-nio-8080-exec-2] c.b.y.r.bike.BikeRepositoryImpl - Bike Model count from repo: 0
2025-06-10 18:12:54 INFO  [http-nio-8080-exec-2] c.b.y.service.bike.BikeServiceImpl - is existByBikeModel in service: false
2025-06-10 18:12:55 DEBUG [http-nio-8080-exec-1] c.b.y.r.bike.BikeRepositoryImpl - Checking bikeModel in repo: [yad]
2025-06-10 18:12:55 DEBUG [http-nio-8080-exec-1] c.b.y.r.bike.BikeRepositoryImpl - Bike Model count from repo: 0
2025-06-10 18:12:55 INFO  [http-nio-8080-exec-1] c.b.y.service.bike.BikeServiceImpl - is existByBikeModel in service: false
2025-06-10 18:12:55 DEBUG [http-nio-8080-exec-10] c.b.y.r.bike.BikeRepositoryImpl - Checking bikeModel in repo: [yadf]
2025-06-10 18:12:55 DEBUG [http-nio-8080-exec-10] c.b.y.r.bike.BikeRepositoryImpl - Bike Model count from repo: 0
2025-06-10 18:12:55 INFO  [http-nio-8080-exec-10] c.b.y.service.bike.BikeServiceImpl - is existByBikeModel in service: false
2025-06-10 18:12:55 DEBUG [http-nio-8080-exec-5] c.b.y.r.bike.BikeRepositoryImpl - Checking bikeModel in repo: [yadfg]
2025-06-10 18:12:55 DEBUG [http-nio-8080-exec-5] c.b.y.r.bike.BikeRepositoryImpl - Bike Model count from repo: 0
2025-06-10 18:12:55 INFO  [http-nio-8080-exec-5] c.b.y.service.bike.BikeServiceImpl - is existByBikeModel in service: false
2025-06-10 18:13:19 DEBUG [http-nio-8080-exec-2] c.b.y.r.bike.BikeRepositoryImpl - Checking bikeModel in repo: [Ray 125]
2025-06-10 18:13:19 DEBUG [http-nio-8080-exec-2] c.b.y.r.bike.BikeRepositoryImpl - Bike Model count from repo: 1
2025-06-10 18:13:19 INFO  [http-nio-8080-exec-2] c.b.y.service.bike.BikeServiceImpl - is existByBikeModel in service: true
2025-06-10 18:13:28 DEBUG [http-nio-8080-exec-8] c.b.y.r.bike.BikeRepositoryImpl - Checking bikeModel in repo: [ay 125]
2025-06-10 18:13:28 DEBUG [http-nio-8080-exec-8] c.b.y.r.bike.BikeRepositoryImpl - Bike Model count from repo: 0
2025-06-10 18:13:28 INFO  [http-nio-8080-exec-8] c.b.y.service.bike.BikeServiceImpl - is existByBikeModel in service: false
2025-06-10 18:13:29 DEBUG [http-nio-8080-exec-4] c.b.y.r.bike.BikeRepositoryImpl - Checking bikeModel in repo: [ray 125]
2025-06-10 18:13:29 DEBUG [http-nio-8080-exec-4] c.b.y.r.bike.BikeRepositoryImpl - Bike Model count from repo: 1
2025-06-10 18:13:29 INFO  [http-nio-8080-exec-4] c.b.y.service.bike.BikeServiceImpl - is existByBikeModel in service: true
2025-06-10 18:13:36 DEBUG [http-nio-8080-exec-6] c.b.y.r.bike.BikeRepositoryImpl - Checking bikeModel in repo: [f]
2025-06-10 18:13:36 DEBUG [http-nio-8080-exec-6] c.b.y.r.bike.BikeRepositoryImpl - Bike Model count from repo: 0
2025-06-10 18:13:36 INFO  [http-nio-8080-exec-6] c.b.y.service.bike.BikeServiceImpl - is existByBikeModel in service: false
2025-06-10 18:13:36 DEBUG [http-nio-8080-exec-5] c.b.y.r.bike.BikeRepositoryImpl - Checking bikeModel in repo: [fz]
2025-06-10 18:13:36 DEBUG [http-nio-8080-exec-5] c.b.y.r.bike.BikeRepositoryImpl - Bike Model count from repo: 0
2025-06-10 18:13:36 INFO  [http-nio-8080-exec-5] c.b.y.service.bike.BikeServiceImpl - is existByBikeModel in service: false
2025-06-10 18:13:37 DEBUG [http-nio-8080-exec-9] c.b.y.r.bike.BikeRepositoryImpl - Checking bikeModel in repo: [fz-1]
2025-06-10 18:13:37 DEBUG [http-nio-8080-exec-9] c.b.y.r.bike.BikeRepositoryImpl - Bike Model count from repo: 0
2025-06-10 18:13:37 INFO  [http-nio-8080-exec-9] c.b.y.service.bike.BikeServiceImpl - is existByBikeModel in service: false
2025-06-10 18:13:51 DEBUG [http-nio-8080-exec-2] c.b.y.r.bike.BikeRepositoryImpl - Checking bikeModel in repo: [fz-16]
2025-06-10 18:13:51 DEBUG [http-nio-8080-exec-2] c.b.y.r.bike.BikeRepositoryImpl - Bike Model count from repo: 0
2025-06-10 18:13:51 INFO  [http-nio-8080-exec-2] c.b.y.service.bike.BikeServiceImpl - is existByBikeModel in service: false
2025-06-10 18:13:52 DEBUG [http-nio-8080-exec-10] c.b.y.r.bike.BikeRepositoryImpl - Checking bikeModel in repo: [fz-166]
2025-06-10 18:13:52 DEBUG [http-nio-8080-exec-10] c.b.y.r.bike.BikeRepositoryImpl - Bike Model count from repo: 0
2025-06-10 18:13:52 INFO  [http-nio-8080-exec-10] c.b.y.service.bike.BikeServiceImpl - is existByBikeModel in service: false
2025-06-10 18:13:52 DEBUG [http-nio-8080-exec-7] c.b.y.r.bike.BikeRepositoryImpl - Checking bikeModel in repo: [fz-1666]
2025-06-10 18:13:52 DEBUG [http-nio-8080-exec-7] c.b.y.r.bike.BikeRepositoryImpl - Bike Model count from repo: 0
2025-06-10 18:13:52 INFO  [http-nio-8080-exec-7] c.b.y.service.bike.BikeServiceImpl - is existByBikeModel in service: false
2025-06-10 18:13:52 DEBUG [http-nio-8080-exec-8] c.b.y.r.bike.BikeRepositoryImpl - Checking bikeModel in repo: [fz-16666]
2025-06-10 18:13:52 DEBUG [http-nio-8080-exec-8] c.b.y.r.bike.BikeRepositoryImpl - Bike Model count from repo: 0
2025-06-10 18:13:52 INFO  [http-nio-8080-exec-8] c.b.y.service.bike.BikeServiceImpl - is existByBikeModel in service: false
2025-06-10 18:13:52 DEBUG [http-nio-8080-exec-6] c.b.y.r.bike.BikeRepositoryImpl - Checking bikeModel in repo: [fz-1666666]
2025-06-10 18:13:52 DEBUG [http-nio-8080-exec-4] c.b.y.r.bike.BikeRepositoryImpl - Checking bikeModel in repo: [fz-166666]
2025-06-10 18:13:52 DEBUG [http-nio-8080-exec-6] c.b.y.r.bike.BikeRepositoryImpl - Bike Model count from repo: 0
2025-06-10 18:13:52 INFO  [http-nio-8080-exec-6] c.b.y.service.bike.BikeServiceImpl - is existByBikeModel in service: false
2025-06-10 18:13:52 DEBUG [http-nio-8080-exec-4] c.b.y.r.bike.BikeRepositoryImpl - Bike Model count from repo: 0
2025-06-10 18:13:52 INFO  [http-nio-8080-exec-4] c.b.y.service.bike.BikeServiceImpl - is existByBikeModel in service: false
2025-06-10 18:13:52 DEBUG [http-nio-8080-exec-5] c.b.y.r.bike.BikeRepositoryImpl - Checking bikeModel in repo: [fz-16666666]
2025-06-10 18:13:52 DEBUG [http-nio-8080-exec-5] c.b.y.r.bike.BikeRepositoryImpl - Bike Model count from repo: 0
2025-06-10 18:13:52 INFO  [http-nio-8080-exec-5] c.b.y.service.bike.BikeServiceImpl - is existByBikeModel in service: false
2025-06-10 18:13:52 DEBUG [http-nio-8080-exec-3] c.b.y.r.bike.BikeRepositoryImpl - Checking bikeModel in repo: [fz-166666666]
2025-06-10 18:13:52 DEBUG [http-nio-8080-exec-3] c.b.y.r.bike.BikeRepositoryImpl - Bike Model count from repo: 0
2025-06-10 18:13:52 INFO  [http-nio-8080-exec-3] c.b.y.service.bike.BikeServiceImpl - is existByBikeModel in service: false
2025-06-10 18:13:52 DEBUG [http-nio-8080-exec-9] c.b.y.r.bike.BikeRepositoryImpl - Checking bikeModel in repo: [fz-1666666666]
2025-06-10 18:13:52 DEBUG [http-nio-8080-exec-9] c.b.y.r.bike.BikeRepositoryImpl - Bike Model count from repo: 0
2025-06-10 18:13:52 INFO  [http-nio-8080-exec-9] c.b.y.service.bike.BikeServiceImpl - is existByBikeModel in service: false
2025-06-10 18:13:52 DEBUG [http-nio-8080-exec-1] c.b.y.r.bike.BikeRepositoryImpl - Checking bikeModel in repo: [fz-16666666666]
2025-06-10 18:13:52 DEBUG [http-nio-8080-exec-1] c.b.y.r.bike.BikeRepositoryImpl - Bike Model count from repo: 0
2025-06-10 18:13:52 INFO  [http-nio-8080-exec-1] c.b.y.service.bike.BikeServiceImpl - is existByBikeModel in service: false
2025-06-10 18:13:52 DEBUG [http-nio-8080-exec-2] c.b.y.r.bike.BikeRepositoryImpl - Checking bikeModel in repo: [fz-166666666666]
2025-06-10 18:13:52 DEBUG [http-nio-8080-exec-2] c.b.y.r.bike.BikeRepositoryImpl - Bike Model count from repo: 0
2025-06-10 18:13:52 INFO  [http-nio-8080-exec-2] c.b.y.service.bike.BikeServiceImpl - is existByBikeModel in service: false
2025-06-10 18:13:52 DEBUG [http-nio-8080-exec-10] c.b.y.r.bike.BikeRepositoryImpl - Checking bikeModel in repo: [fz-1666666666666]
2025-06-10 18:13:52 DEBUG [http-nio-8080-exec-10] c.b.y.r.bike.BikeRepositoryImpl - Bike Model count from repo: 0
2025-06-10 18:13:52 INFO  [http-nio-8080-exec-10] c.b.y.service.bike.BikeServiceImpl - is existByBikeModel in service: false
2025-06-10 18:13:52 DEBUG [http-nio-8080-exec-7] c.b.y.r.bike.BikeRepositoryImpl - Checking bikeModel in repo: [fz-16666666666666]
2025-06-10 18:13:52 DEBUG [http-nio-8080-exec-7] c.b.y.r.bike.BikeRepositoryImpl - Bike Model count from repo: 0
2025-06-10 18:13:52 INFO  [http-nio-8080-exec-7] c.b.y.service.bike.BikeServiceImpl - is existByBikeModel in service: false
2025-06-10 18:13:52 DEBUG [http-nio-8080-exec-8] c.b.y.r.bike.BikeRepositoryImpl - Checking bikeModel in repo: [fz-166666666666666]
2025-06-10 18:13:52 DEBUG [http-nio-8080-exec-8] c.b.y.r.bike.BikeRepositoryImpl - Bike Model count from repo: 0
2025-06-10 18:13:52 INFO  [http-nio-8080-exec-8] c.b.y.service.bike.BikeServiceImpl - is existByBikeModel in service: false
2025-06-10 18:13:52 DEBUG [http-nio-8080-exec-6] c.b.y.r.bike.BikeRepositoryImpl - Checking bikeModel in repo: [fz-1666666666666666]
2025-06-10 18:13:52 DEBUG [http-nio-8080-exec-6] c.b.y.r.bike.BikeRepositoryImpl - Bike Model count from repo: 0
2025-06-10 18:13:52 INFO  [http-nio-8080-exec-6] c.b.y.service.bike.BikeServiceImpl - is existByBikeModel in service: false
2025-06-10 18:13:52 DEBUG [http-nio-8080-exec-4] c.b.y.r.bike.BikeRepositoryImpl - Checking bikeModel in repo: [fz-16666666666666666]
2025-06-10 18:13:52 DEBUG [http-nio-8080-exec-4] c.b.y.r.bike.BikeRepositoryImpl - Bike Model count from repo: 0
2025-06-10 18:13:52 INFO  [http-nio-8080-exec-4] c.b.y.service.bike.BikeServiceImpl - is existByBikeModel in service: false
2025-06-10 18:13:52 DEBUG [http-nio-8080-exec-5] c.b.y.r.bike.BikeRepositoryImpl - Checking bikeModel in repo: [fz-166666666666666666]
2025-06-10 18:13:52 DEBUG [http-nio-8080-exec-5] c.b.y.r.bike.BikeRepositoryImpl - Bike Model count from repo: 0
2025-06-10 18:13:52 INFO  [http-nio-8080-exec-5] c.b.y.service.bike.BikeServiceImpl - is existByBikeModel in service: false
2025-06-10 18:13:52 DEBUG [http-nio-8080-exec-3] c.b.y.r.bike.BikeRepositoryImpl - Checking bikeModel in repo: [fz-1666666666666666666]
2025-06-10 18:13:52 DEBUG [http-nio-8080-exec-3] c.b.y.r.bike.BikeRepositoryImpl - Bike Model count from repo: 0
2025-06-10 18:13:52 INFO  [http-nio-8080-exec-3] c.b.y.service.bike.BikeServiceImpl - is existByBikeModel in service: false
2025-06-10 18:13:52 DEBUG [http-nio-8080-exec-9] c.b.y.r.bike.BikeRepositoryImpl - Checking bikeModel in repo: [fz-16666666666666666666]
2025-06-10 18:13:52 DEBUG [http-nio-8080-exec-9] c.b.y.r.bike.BikeRepositoryImpl - Bike Model count from repo: 0
2025-06-10 18:13:52 INFO  [http-nio-8080-exec-9] c.b.y.service.bike.BikeServiceImpl - is existByBikeModel in service: false
2025-06-10 18:13:52 DEBUG [http-nio-8080-exec-1] c.b.y.r.bike.BikeRepositoryImpl - Checking bikeModel in repo: [fz-166666666666666666666]
2025-06-10 18:13:52 DEBUG [http-nio-8080-exec-1] c.b.y.r.bike.BikeRepositoryImpl - Bike Model count from repo: 0
2025-06-10 18:13:52 INFO  [http-nio-8080-exec-1] c.b.y.service.bike.BikeServiceImpl - is existByBikeModel in service: false
2025-06-10 18:13:52 DEBUG [http-nio-8080-exec-2] c.b.y.r.bike.BikeRepositoryImpl - Checking bikeModel in repo: [fz-1666666666666666666666]
2025-06-10 18:13:53 DEBUG [http-nio-8080-exec-2] c.b.y.r.bike.BikeRepositoryImpl - Bike Model count from repo: 0
2025-06-10 18:13:53 INFO  [http-nio-8080-exec-2] c.b.y.service.bike.BikeServiceImpl - is existByBikeModel in service: false
2025-06-10 18:13:53 DEBUG [http-nio-8080-exec-10] c.b.y.r.bike.BikeRepositoryImpl - Checking bikeModel in repo: [fz-16666666666666666666666]
2025-06-10 18:13:53 DEBUG [http-nio-8080-exec-4] c.b.y.r.bike.BikeRepositoryImpl - Checking bikeModel in repo: [fz-166666666666666666666666666]
2025-06-10 18:13:53 DEBUG [http-nio-8080-exec-8] c.b.y.r.bike.BikeRepositoryImpl - Checking bikeModel in repo: [fz-1666666666666666666666666]
2025-06-10 18:13:53 DEBUG [http-nio-8080-exec-10] c.b.y.r.bike.BikeRepositoryImpl - Bike Model count from repo: 0
2025-06-10 18:13:53 INFO  [http-nio-8080-exec-10] c.b.y.service.bike.BikeServiceImpl - is existByBikeModel in service: false
2025-06-10 18:13:53 DEBUG [http-nio-8080-exec-4] c.b.y.r.bike.BikeRepositoryImpl - Bike Model count from repo: 0
2025-06-10 18:13:53 INFO  [http-nio-8080-exec-4] c.b.y.service.bike.BikeServiceImpl - is existByBikeModel in service: false
2025-06-10 18:13:53 DEBUG [http-nio-8080-exec-8] c.b.y.r.bike.BikeRepositoryImpl - Bike Model count from repo: 0
2025-06-10 18:13:53 INFO  [http-nio-8080-exec-8] c.b.y.service.bike.BikeServiceImpl - is existByBikeModel in service: false
2025-06-10 18:13:53 DEBUG [http-nio-8080-exec-7] c.b.y.r.bike.BikeRepositoryImpl - Checking bikeModel in repo: [fz-166666666666666666666666]
2025-06-10 18:13:53 DEBUG [http-nio-8080-exec-6] c.b.y.r.bike.BikeRepositoryImpl - Checking bikeModel in repo: [fz-16666666666666666666666666]
2025-06-10 18:13:53 DEBUG [http-nio-8080-exec-7] c.b.y.r.bike.BikeRepositoryImpl - Bike Model count from repo: 0
2025-06-10 18:13:53 INFO  [http-nio-8080-exec-7] c.b.y.service.bike.BikeServiceImpl - is existByBikeModel in service: false
2025-06-10 18:13:53 DEBUG [http-nio-8080-exec-6] c.b.y.r.bike.BikeRepositoryImpl - Bike Model count from repo: 0
2025-06-10 18:13:53 INFO  [http-nio-8080-exec-6] c.b.y.service.bike.BikeServiceImpl - is existByBikeModel in service: false
2025-06-10 18:13:53 DEBUG [http-nio-8080-exec-2] c.b.y.r.bike.BikeRepositoryImpl - Checking bikeModel in repo: [fz-1666666666666666666666666666]
2025-06-10 18:13:53 DEBUG [http-nio-8080-exec-2] c.b.y.r.bike.BikeRepositoryImpl - Bike Model count from repo: 0
2025-06-10 18:13:53 INFO  [http-nio-8080-exec-2] c.b.y.service.bike.BikeServiceImpl - is existByBikeModel in service: false
2025-06-10 18:13:53 DEBUG [http-nio-8080-exec-8] c.b.y.r.bike.BikeRepositoryImpl - Checking bikeModel in repo: [fz-166666666666666666666666666666]
2025-06-10 18:13:53 DEBUG [http-nio-8080-exec-8] c.b.y.r.bike.BikeRepositoryImpl - Bike Model count from repo: 0
2025-06-10 18:13:53 INFO  [http-nio-8080-exec-8] c.b.y.service.bike.BikeServiceImpl - is existByBikeModel in service: false
2025-06-10 18:13:53 DEBUG [http-nio-8080-exec-4] c.b.y.r.bike.BikeRepositoryImpl - Checking bikeModel in repo: [fz-16666666666666666666666666666]
2025-06-10 18:13:53 DEBUG [http-nio-8080-exec-9] c.b.y.r.bike.BikeRepositoryImpl - Checking bikeModel in repo: [fz-16666666666666666666666666666666]
2025-06-10 18:13:53 DEBUG [http-nio-8080-exec-1] c.b.y.r.bike.BikeRepositoryImpl - Checking bikeModel in repo: [fz-166666666666666666666666666666666]
2025-06-10 18:13:53 DEBUG [http-nio-8080-exec-9] c.b.y.r.bike.BikeRepositoryImpl - Bike Model count from repo: 0
2025-06-10 18:13:53 DEBUG [http-nio-8080-exec-4] c.b.y.r.bike.BikeRepositoryImpl - Bike Model count from repo: 0
2025-06-10 18:13:53 INFO  [http-nio-8080-exec-9] c.b.y.service.bike.BikeServiceImpl - is existByBikeModel in service: false
2025-06-10 18:13:53 INFO  [http-nio-8080-exec-4] c.b.y.service.bike.BikeServiceImpl - is existByBikeModel in service: false
2025-06-10 18:13:53 DEBUG [http-nio-8080-exec-3] c.b.y.r.bike.BikeRepositoryImpl - Checking bikeModel in repo: [fz-1666666666666666666666666666666]
2025-06-10 18:13:53 DEBUG [http-nio-8080-exec-1] c.b.y.r.bike.BikeRepositoryImpl - Bike Model count from repo: 0
2025-06-10 18:13:53 INFO  [http-nio-8080-exec-1] c.b.y.service.bike.BikeServiceImpl - is existByBikeModel in service: false
2025-06-10 18:13:53 DEBUG [http-nio-8080-exec-3] c.b.y.r.bike.BikeRepositoryImpl - Bike Model count from repo: 0
2025-06-10 18:13:53 INFO  [http-nio-8080-exec-3] c.b.y.service.bike.BikeServiceImpl - is existByBikeModel in service: false
2025-06-10 18:13:53 DEBUG [http-nio-8080-exec-5] c.b.y.r.bike.BikeRepositoryImpl - Checking bikeModel in repo: [fz-1666666666666666666666666666666666]
2025-06-10 18:13:53 DEBUG [http-nio-8080-exec-5] c.b.y.r.bike.BikeRepositoryImpl - Bike Model count from repo: 0
2025-06-10 18:13:53 INFO  [http-nio-8080-exec-5] c.b.y.service.bike.BikeServiceImpl - is existByBikeModel in service: false
2025-06-10 18:13:53 DEBUG [http-nio-8080-exec-7] c.b.y.r.bike.BikeRepositoryImpl - Checking bikeModel in repo: [fz-166666666666666666666666666666666666]
2025-06-10 18:13:53 DEBUG [http-nio-8080-exec-6] c.b.y.r.bike.BikeRepositoryImpl - Checking bikeModel in repo: [fz-1666666666666666666666666666666666666]
2025-06-10 18:13:53 DEBUG [http-nio-8080-exec-7] c.b.y.r.bike.BikeRepositoryImpl - Bike Model count from repo: 0
2025-06-10 18:13:53 DEBUG [http-nio-8080-exec-10] c.b.y.r.bike.BikeRepositoryImpl - Checking bikeModel in repo: [fz-16666666666666666666666666666666666]
2025-06-10 18:13:53 INFO  [http-nio-8080-exec-7] c.b.y.service.bike.BikeServiceImpl - is existByBikeModel in service: false
2025-06-10 18:13:53 DEBUG [http-nio-8080-exec-10] c.b.y.r.bike.BikeRepositoryImpl - Bike Model count from repo: 0
2025-06-10 18:13:53 INFO  [http-nio-8080-exec-10] c.b.y.service.bike.BikeServiceImpl - is existByBikeModel in service: false
2025-06-10 18:13:53 DEBUG [http-nio-8080-exec-6] c.b.y.r.bike.BikeRepositoryImpl - Bike Model count from repo: 0
2025-06-10 18:13:53 INFO  [http-nio-8080-exec-6] c.b.y.service.bike.BikeServiceImpl - is existByBikeModel in service: false
2025-06-10 18:13:53 DEBUG [http-nio-8080-exec-2] c.b.y.r.bike.BikeRepositoryImpl - Checking bikeModel in repo: [fz-16666666666666666666666666666666666666]
2025-06-10 18:13:53 DEBUG [http-nio-8080-exec-9] c.b.y.r.bike.BikeRepositoryImpl - Checking bikeModel in repo: [fz-1666666666666666666666666666666666666666]
2025-06-10 18:13:53 DEBUG [http-nio-8080-exec-2] c.b.y.r.bike.BikeRepositoryImpl - Bike Model count from repo: 0
2025-06-10 18:13:53 INFO  [http-nio-8080-exec-2] c.b.y.service.bike.BikeServiceImpl - is existByBikeModel in service: false
2025-06-10 18:13:53 DEBUG [http-nio-8080-exec-9] c.b.y.r.bike.BikeRepositoryImpl - Bike Model count from repo: 0
2025-06-10 18:13:53 INFO  [http-nio-8080-exec-9] c.b.y.service.bike.BikeServiceImpl - is existByBikeModel in service: false
2025-06-10 18:13:53 DEBUG [http-nio-8080-exec-8] c.b.y.r.bike.BikeRepositoryImpl - Checking bikeModel in repo: [fz-166666666666666666666666666666666666666]
2025-06-10 18:13:53 DEBUG [http-nio-8080-exec-8] c.b.y.r.bike.BikeRepositoryImpl - Bike Model count from repo: 0
2025-06-10 18:13:53 INFO  [http-nio-8080-exec-8] c.b.y.service.bike.BikeServiceImpl - is existByBikeModel in service: false
2025-06-10 18:13:53 DEBUG [http-nio-8080-exec-4] c.b.y.r.bike.BikeRepositoryImpl - Checking bikeModel in repo: [fz-16666666666666666666666666666666666666666]
2025-06-10 18:13:53 DEBUG [http-nio-8080-exec-4] c.b.y.r.bike.BikeRepositoryImpl - Bike Model count from repo: 0
2025-06-10 18:13:53 INFO  [http-nio-8080-exec-4] c.b.y.service.bike.BikeServiceImpl - is existByBikeModel in service: false
2025-06-10 18:13:53 DEBUG [http-nio-8080-exec-1] c.b.y.r.bike.BikeRepositoryImpl - Checking bikeModel in repo: [fz-166666666666666666666666666666666666666666]
2025-06-10 18:13:53 DEBUG [http-nio-8080-exec-1] c.b.y.r.bike.BikeRepositoryImpl - Bike Model count from repo: 0
2025-06-10 18:13:53 INFO  [http-nio-8080-exec-1] c.b.y.service.bike.BikeServiceImpl - is existByBikeModel in service: false
2025-06-10 18:13:53 DEBUG [http-nio-8080-exec-3] c.b.y.r.bike.BikeRepositoryImpl - Checking bikeModel in repo: [fz-1666666666666666666666666666666666666666666]
2025-06-10 18:13:53 DEBUG [http-nio-8080-exec-3] c.b.y.r.bike.BikeRepositoryImpl - Bike Model count from repo: 0
2025-06-10 18:13:53 INFO  [http-nio-8080-exec-3] c.b.y.service.bike.BikeServiceImpl - is existByBikeModel in service: false
2025-06-10 18:13:53 DEBUG [http-nio-8080-exec-5] c.b.y.r.bike.BikeRepositoryImpl - Checking bikeModel in repo: [fz-16666666666666666666666666666666666666666666]
2025-06-10 18:13:53 DEBUG [http-nio-8080-exec-5] c.b.y.r.bike.BikeRepositoryImpl - Bike Model count from repo: 0
2025-06-10 18:13:53 INFO  [http-nio-8080-exec-5] c.b.y.service.bike.BikeServiceImpl - is existByBikeModel in service: false
2025-06-10 18:13:53 DEBUG [http-nio-8080-exec-10] c.b.y.r.bike.BikeRepositoryImpl - Checking bikeModel in repo: [fz-166666666666666666666666666666666666666666666]
2025-06-10 18:13:53 DEBUG [http-nio-8080-exec-10] c.b.y.r.bike.BikeRepositoryImpl - Bike Model count from repo: 0
2025-06-10 18:13:53 INFO  [http-nio-8080-exec-10] c.b.y.service.bike.BikeServiceImpl - is existByBikeModel in service: false
2025-06-10 18:13:53 DEBUG [http-nio-8080-exec-7] c.b.y.r.bike.BikeRepositoryImpl - Checking bikeModel in repo: [fz-1666666666666666666666666666666666666666666666]
2025-06-10 18:13:53 DEBUG [http-nio-8080-exec-7] c.b.y.r.bike.BikeRepositoryImpl - Bike Model count from repo: 0
2025-06-10 18:13:53 INFO  [http-nio-8080-exec-7] c.b.y.service.bike.BikeServiceImpl - is existByBikeModel in service: false
2025-06-10 18:13:53 DEBUG [http-nio-8080-exec-6] c.b.y.r.bike.BikeRepositoryImpl - Checking bikeModel in repo: [fz-16666666666666666666666666666666666666666666666]
2025-06-10 18:13:53 DEBUG [http-nio-8080-exec-6] c.b.y.r.bike.BikeRepositoryImpl - Bike Model count from repo: 0
2025-06-10 18:13:53 INFO  [http-nio-8080-exec-6] c.b.y.service.bike.BikeServiceImpl - is existByBikeModel in service: false
2025-06-10 18:16:25 DEBUG [main] c.b.y.configuration.WebInitializer - No ContextLoaderListener registered, as createRootApplicationContext() did not return an application context
2025-06-10 18:16:27 INFO  [main] o.h.jpa.internal.util.LogHelper - HHH000204: Processing PersistenceUnitInfo [name: default]
2025-06-10 18:16:27 INFO  [main] org.hibernate.Version - HHH000412: Hibernate ORM core version 5.6.15.Final
2025-06-10 18:16:28 INFO  [main] o.h.annotations.common.Version - HCANN000001: Hibernate Commons Annotations {5.1.2.Final}
2025-06-10 18:16:29 INFO  [main] org.hibernate.dialect.Dialect - HHH000400: Using dialect: org.hibernate.dialect.MySQL8Dialect
2025-06-10 18:16:30 INFO  [main] o.h.validator.internal.util.Version - HV000001: Hibernate Validator 6.2.0.Final
2025-06-10 18:16:32 INFO  [main] o.h.e.t.j.p.i.JtaPlatformInitiator - HHH000490: Using JtaPlatform implementation: [org.hibernate.engine.transaction.jta.platform.internal.NoJtaPlatform]
2025-06-10 18:16:43 DEBUG [http-nio-8080-exec-2] c.b.y.r.bike.BikeRepositoryImpl - Checking bikeModel in repo: [Nj]
2025-06-10 18:16:43 DEBUG [http-nio-8080-exec-2] c.b.y.r.bike.BikeRepositoryImpl - Bike Model count from repo: 0
2025-06-10 18:16:43 INFO  [http-nio-8080-exec-2] c.b.y.service.bike.BikeServiceImpl - is existByBikeModel in service: false
2025-06-10 18:16:45 DEBUG [http-nio-8080-exec-7] c.b.y.r.bike.BikeRepositoryImpl - Checking bikeModel in repo: [Nj-j]
2025-06-10 18:16:45 DEBUG [http-nio-8080-exec-7] c.b.y.r.bike.BikeRepositoryImpl - Bike Model count from repo: 0
2025-06-10 18:16:45 INFO  [http-nio-8080-exec-7] c.b.y.service.bike.BikeServiceImpl - is existByBikeModel in service: false
2025-06-10 18:16:46 DEBUG [http-nio-8080-exec-8] c.b.y.r.bike.BikeRepositoryImpl - Checking bikeModel in repo: [Nj-jn]
2025-06-10 18:16:46 DEBUG [http-nio-8080-exec-8] c.b.y.r.bike.BikeRepositoryImpl - Bike Model count from repo: 0
2025-06-10 18:16:46 INFO  [http-nio-8080-exec-8] c.b.y.service.bike.BikeServiceImpl - is existByBikeModel in service: false
2025-06-10 18:16:46 DEBUG [http-nio-8080-exec-9] c.b.y.r.bike.BikeRepositoryImpl - Checking bikeModel in repo: [Nj-jnk]
2025-06-10 18:16:46 DEBUG [http-nio-8080-exec-9] c.b.y.r.bike.BikeRepositoryImpl - Bike Model count from repo: 0
2025-06-10 18:16:46 INFO  [http-nio-8080-exec-9] c.b.y.service.bike.BikeServiceImpl - is existByBikeModel in service: false
2025-06-10 18:16:46 DEBUG [http-nio-8080-exec-10] c.b.y.r.bike.BikeRepositoryImpl - Checking bikeModel in repo: [Nj-jnkh]
2025-06-10 18:16:46 DEBUG [http-nio-8080-exec-10] c.b.y.r.bike.BikeRepositoryImpl - Bike Model count from repo: 0
2025-06-10 18:16:46 INFO  [http-nio-8080-exec-10] c.b.y.service.bike.BikeServiceImpl - is existByBikeModel in service: false
2025-06-10 18:24:12 DEBUG [main] c.b.y.configuration.WebInitializer - No ContextLoaderListener registered, as createRootApplicationContext() did not return an application context
2025-06-10 18:24:14 INFO  [main] o.h.jpa.internal.util.LogHelper - HHH000204: Processing PersistenceUnitInfo [name: default]
2025-06-10 18:24:14 INFO  [main] org.hibernate.Version - HHH000412: Hibernate ORM core version 5.6.15.Final
2025-06-10 18:24:14 INFO  [main] o.h.annotations.common.Version - HCANN000001: Hibernate Commons Annotations {5.1.2.Final}
2025-06-10 18:24:17 INFO  [main] org.hibernate.dialect.Dialect - HHH000400: Using dialect: org.hibernate.dialect.MySQL8Dialect
2025-06-10 18:24:18 INFO  [main] o.h.validator.internal.util.Version - HV000001: Hibernate Validator 6.2.0.Final
2025-06-10 18:24:21 INFO  [main] o.h.e.t.j.p.i.JtaPlatformInitiator - HHH000490: Using JtaPlatform implementation: [org.hibernate.engine.transaction.jta.platform.internal.NoJtaPlatform]
2025-06-10 18:24:34 DEBUG [http-nio-8080-exec-2] c.b.y.r.UserRestController - Received email in Controller: [komla@gmail.com]
2025-06-10 18:24:34 DEBUG [http-nio-8080-exec-2] c.b.y.r.UserRestController - isEmailExist: true
2025-06-10 18:24:43 DEBUG [http-nio-8080-exec-6] c.b.y.r.UserRestController - Received email in Controller: [komla99999999999999999999999999999999999999999999999999999999999999999999999999999999999999999999999999999999999999999999999999999999@gmail.com]
2025-06-10 18:25:04 DEBUG [http-nio-8080-exec-7] c.b.y.r.UserRestController - Received email in Controller: [uuuuuuuuuuuuuuuuuuuuuuuuuuuuuuuuuuuuuuuuuuuuuuuuuuuuuuuuuuuuuuuuuuuuuuuuuuuuuuuuuuuuuuuuuuuuuuuuuuuuuuuuuuuuuuuuuuuuuuuuuuuuuuuuuuuuuuuuuuuuuu@gmail.com]
2025-06-10 18:25:51 DEBUG [http-nio-8080-exec-4] c.b.y.r.UserRestController - Received phNo in Controller: [11111111111111111111111111111111111111111111]
2025-06-10 18:29:38 DEBUG [http-nio-8080-exec-9] c.b.y.r.UserRestController - Received phNo in Controller: [98-7895]
2025-06-10 18:35:54 DEBUG [main] c.b.y.configuration.WebInitializer - No ContextLoaderListener registered, as createRootApplicationContext() did not return an application context
2025-06-10 18:35:55 INFO  [main] o.h.jpa.internal.util.LogHelper - HHH000204: Processing PersistenceUnitInfo [name: default]
2025-06-10 18:35:55 INFO  [main] org.hibernate.Version - HHH000412: Hibernate ORM core version 5.6.15.Final
2025-06-10 18:35:56 INFO  [main] o.h.annotations.common.Version - HCANN000001: Hibernate Commons Annotations {5.1.2.Final}
2025-06-10 18:35:57 INFO  [main] org.hibernate.dialect.Dialect - HHH000400: Using dialect: org.hibernate.dialect.MySQL8Dialect
2025-06-10 18:35:58 INFO  [main] o.h.validator.internal.util.Version - HV000001: Hibernate Validator 6.2.0.Final
2025-06-10 18:36:00 INFO  [main] o.h.e.t.j.p.i.JtaPlatformInitiator - HHH000490: Using JtaPlatform implementation: [org.hibernate.engine.transaction.jta.platform.internal.NoJtaPlatform]
2025-06-10 18:36:16 DEBUG [http-nio-8080-exec-7] c.b.y.r.UserRestController - Received phNo in Controller: [4]
2025-06-10 18:37:12 DEBUG [main] c.b.y.configuration.WebInitializer - No ContextLoaderListener registered, as createRootApplicationContext() did not return an application context
2025-06-10 18:37:14 INFO  [main] o.h.jpa.internal.util.LogHelper - HHH000204: Processing PersistenceUnitInfo [name: default]
2025-06-10 18:37:14 INFO  [main] org.hibernate.Version - HHH000412: Hibernate ORM core version 5.6.15.Final
2025-06-10 18:37:15 INFO  [main] o.h.annotations.common.Version - HCANN000001: Hibernate Commons Annotations {5.1.2.Final}
2025-06-10 18:37:16 INFO  [main] org.hibernate.dialect.Dialect - HHH000400: Using dialect: org.hibernate.dialect.MySQL8Dialect
2025-06-10 18:37:17 INFO  [main] o.h.validator.internal.util.Version - HV000001: Hibernate Validator 6.2.0.Final
2025-06-10 18:37:19 INFO  [main] o.h.e.t.j.p.i.JtaPlatformInitiator - HHH000490: Using JtaPlatform implementation: [org.hibernate.engine.transaction.jta.platform.internal.NoJtaPlatform]
2025-06-10 18:37:28 DEBUG [http-nio-8080-exec-8] c.b.y.r.UserRestController - Received phNo in Controller: [4]
2025-06-10 19:11:07 DEBUG [main] c.b.y.configuration.WebInitializer - No ContextLoaderListener registered, as createRootApplicationContext() did not return an application context
2025-06-10 19:11:08 INFO  [main] o.h.jpa.internal.util.LogHelper - HHH000204: Processing PersistenceUnitInfo [name: default]
2025-06-10 19:11:08 INFO  [main] org.hibernate.Version - HHH000412: Hibernate ORM core version 5.6.15.Final
2025-06-10 19:11:08 INFO  [main] o.h.annotations.common.Version - HCANN000001: Hibernate Commons Annotations {5.1.2.Final}
2025-06-10 19:11:10 INFO  [main] org.hibernate.dialect.Dialect - HHH000400: Using dialect: org.hibernate.dialect.MySQL8Dialect
2025-06-10 19:11:10 INFO  [main] o.h.validator.internal.util.Version - HV000001: Hibernate Validator 6.2.0.Final
2025-06-10 19:11:12 INFO  [main] o.h.e.t.j.p.i.JtaPlatformInitiator - HHH000490: Using JtaPlatform implementation: [org.hibernate.engine.transaction.jta.platform.internal.NoJtaPlatform]
2025-06-10 19:12:04 DEBUG [http-nio-8080-exec-1] c.b.y.r.UserRestController - Received DL Number: [xndsjncbw]
2025-06-10 19:12:48 DEBUG [http-nio-8080-exec-5] c.b.y.r.UserRestController - Received DL Number: [2]
2025-06-10 19:12:51 DEBUG [http-nio-8080-exec-4] c.b.y.r.UserRestController - Received phNo in Controller: [1]
2025-06-10 19:12:55 DEBUG [http-nio-8080-exec-10] c.b.y.r.UserRestController - Received userName: [w]
2025-06-10 19:20:14 DEBUG [main] c.b.y.configuration.WebInitializer - No ContextLoaderListener registered, as createRootApplicationContext() did not return an application context
2025-06-10 19:20:16 INFO  [main] o.h.jpa.internal.util.LogHelper - HHH000204: Processing PersistenceUnitInfo [name: default]
2025-06-10 19:20:16 INFO  [main] org.hibernate.Version - HHH000412: Hibernate ORM core version 5.6.15.Final
2025-06-10 19:20:16 INFO  [main] o.h.annotations.common.Version - HCANN000001: Hibernate Commons Annotations {5.1.2.Final}
2025-06-10 19:20:18 INFO  [main] org.hibernate.dialect.Dialect - HHH000400: Using dialect: org.hibernate.dialect.MySQL8Dialect
2025-06-10 19:20:19 INFO  [main] o.h.validator.internal.util.Version - HV000001: Hibernate Validator 6.2.0.Final
2025-06-10 19:20:22 INFO  [main] o.h.e.t.j.p.i.JtaPlatformInitiator - HHH000490: Using JtaPlatform implementation: [org.hibernate.engine.transaction.jta.platform.internal.NoJtaPlatform]
2025-06-10 19:20:40 DEBUG [http-nio-8080-exec-6] c.b.y.r.UserRestController - Received phNo in Controller: [9-123456789]
2025-06-10 19:20:40 DEBUG [http-nio-8080-exec-6] c.b.y.r.UserRestController - isPhExist: false
2025-06-10 19:20:49 DEBUG [http-nio-8080-exec-9] c.b.y.r.UserRestController - Received phNo in Controller: [91-8123456789]
2025-06-10 19:24:54 DEBUG [main] c.b.y.configuration.WebInitializer - No ContextLoaderListener registered, as createRootApplicationContext() did not return an application context
2025-06-10 19:24:55 INFO  [main] o.h.jpa.internal.util.LogHelper - HHH000204: Processing PersistenceUnitInfo [name: default]
2025-06-10 19:24:55 INFO  [main] org.hibernate.Version - HHH000412: Hibernate ORM core version 5.6.15.Final
2025-06-10 19:24:56 INFO  [main] o.h.annotations.common.Version - HCANN000001: Hibernate Commons Annotations {5.1.2.Final}
2025-06-10 19:24:57 INFO  [main] org.hibernate.dialect.Dialect - HHH000400: Using dialect: org.hibernate.dialect.MySQL8Dialect
2025-06-10 19:24:58 INFO  [main] o.h.validator.internal.util.Version - HV000001: Hibernate Validator 6.2.0.Final
2025-06-10 19:25:01 INFO  [main] o.h.e.t.j.p.i.JtaPlatformInitiator - HHH000490: Using JtaPlatform implementation: [org.hibernate.engine.transaction.jta.platform.internal.NoJtaPlatform]
2025-06-10 19:26:20 DEBUG [http-nio-8080-exec-1] c.b.y.r.UserRestController - Received userName: [q]
2025-06-10 19:26:30 DEBUG [http-nio-8080-exec-3] c.b.y.r.UserRestController - Received userName: [Q s]
2025-06-10 19:26:34 DEBUG [http-nio-8080-exec-4] c.b.y.r.UserRestController - Received userName: [Q A]
2025-06-10 19:26:37 DEBUG [http-nio-8080-exec-2] c.b.y.r.UserRestController - Received userName: [Q A9999999999999999999999999999999999999]
2025-06-10 19:29:38 DEBUG [http-nio-8080-exec-5] c.b.y.r.UserRestController - Received userName: [John123]
2025-06-10 19:29:46 DEBUG [http-nio-8080-exec-6] c.b.y.r.UserRestController - Received userName: [John Neo]
2025-06-10 19:29:49 DEBUG [http-nio-8080-exec-7] c.b.y.r.UserRestController - Received userName: [John NeoH]
2025-06-10 19:29:55 DEBUG [http-nio-8080-exec-8] c.b.y.r.UserRestController - Received userName: [John Neo 4]
2025-06-10 19:29:58 DEBUG [http-nio-8080-exec-9] c.b.y.r.UserRestController - Received userName: [John Neo]
2025-06-10 19:30:02 DEBUG [http-nio-8080-exec-10] c.b.y.r.UserRestController - Received phNo in Controller: [8123456789]
2025-06-10 19:30:02 DEBUG [http-nio-8080-exec-10] c.b.y.r.UserRestController - isPhExist: false
2025-06-10 19:30:11 DEBUG [http-nio-8080-exec-1] c.b.y.r.UserRestController - Received userName: [John Neo rrrrrrr999999999999999999999999999999999999999999999999999999999999999999999999999999999999999999999999]
2025-06-10 19:30:14 DEBUG [http-nio-8080-exec-3] c.b.y.r.UserRestController - Received userName: [John Neo rrrrrrr99]
2025-06-10 21:02:31 DEBUG [http-nio-8080-exec-8] c.b.y.r.UserRestController - Received userName: [33333333333333]
2025-06-10 21:02:38 DEBUG [http-nio-8080-exec-9] c.b.y.r.UserRestController - Received userName: [3333333333333333333333333333333333333333333333333333333333]
2025-06-10 21:06:13 DEBUG [http-nio-8080-exec-10] c.b.y.r.UserRestController - Received DL Number: [r]
2025-06-10 21:07:37 DEBUG [main] c.b.y.configuration.WebInitializer - No ContextLoaderListener registered, as createRootApplicationContext() did not return an application context
2025-06-10 21:07:39 INFO  [main] o.h.jpa.internal.util.LogHelper - HHH000204: Processing PersistenceUnitInfo [name: default]
2025-06-10 21:07:39 INFO  [main] org.hibernate.Version - HHH000412: Hibernate ORM core version 5.6.15.Final
2025-06-10 21:07:40 INFO  [main] o.h.annotations.common.Version - HCANN000001: Hibernate Commons Annotations {5.1.2.Final}
2025-06-10 21:07:42 INFO  [main] org.hibernate.dialect.Dialect - HHH000400: Using dialect: org.hibernate.dialect.MySQL8Dialect
2025-06-10 21:07:43 INFO  [main] o.h.validator.internal.util.Version - HV000001: Hibernate Validator 6.2.0.Final
2025-06-10 21:07:45 INFO  [main] o.h.e.t.j.p.i.JtaPlatformInitiator - HHH000490: Using JtaPlatform implementation: [org.hibernate.engine.transaction.jta.platform.internal.NoJtaPlatform]
2025-06-10 21:09:20 DEBUG [http-nio-8080-exec-4] c.b.y.r.UserRestController - Received DL Number: [u]
2025-06-10 21:12:42 DEBUG [main] c.b.y.configuration.WebInitializer - No ContextLoaderListener registered, as createRootApplicationContext() did not return an application context
2025-06-10 21:12:44 INFO  [main] o.h.jpa.internal.util.LogHelper - HHH000204: Processing PersistenceUnitInfo [name: default]
2025-06-10 21:12:44 INFO  [main] org.hibernate.Version - HHH000412: Hibernate ORM core version 5.6.15.Final
2025-06-10 21:12:45 INFO  [main] o.h.annotations.common.Version - HCANN000001: Hibernate Commons Annotations {5.1.2.Final}
2025-06-10 21:12:46 INFO  [main] org.hibernate.dialect.Dialect - HHH000400: Using dialect: org.hibernate.dialect.MySQL8Dialect
2025-06-10 21:12:47 INFO  [main] o.h.validator.internal.util.Version - HV000001: Hibernate Validator 6.2.0.Final
2025-06-10 21:12:49 INFO  [main] o.h.e.t.j.p.i.JtaPlatformInitiator - HHH000490: Using JtaPlatform implementation: [org.hibernate.engine.transaction.jta.platform.internal.NoJtaPlatform]
2025-06-10 21:13:09 DEBUG [http-nio-8080-exec-2] c.b.y.r.UserRestController - Received DL Number: [r]
2025-06-10 21:17:14 DEBUG [main] c.b.y.configuration.WebInitializer - No ContextLoaderListener registered, as createRootApplicationContext() did not return an application context
2025-06-10 21:17:16 INFO  [main] o.h.jpa.internal.util.LogHelper - HHH000204: Processing PersistenceUnitInfo [name: default]
2025-06-10 21:17:16 INFO  [main] org.hibernate.Version - HHH000412: Hibernate ORM core version 5.6.15.Final
2025-06-10 21:17:16 INFO  [main] o.h.annotations.common.Version - HCANN000001: Hibernate Commons Annotations {5.1.2.Final}
2025-06-10 21:17:18 INFO  [main] org.hibernate.dialect.Dialect - HHH000400: Using dialect: org.hibernate.dialect.MySQL8Dialect
2025-06-10 21:17:19 INFO  [main] o.h.validator.internal.util.Version - HV000001: Hibernate Validator 6.2.0.Final
2025-06-10 21:17:21 INFO  [main] o.h.e.t.j.p.i.JtaPlatformInitiator - HHH000490: Using JtaPlatform implementation: [org.hibernate.engine.transaction.jta.platform.internal.NoJtaPlatform]
2025-06-10 21:17:32 DEBUG [http-nio-8080-exec-1] c.b.y.r.UserRestController - Received DL Number: [t]
2025-06-10 21:21:55 DEBUG [main] c.b.y.configuration.WebInitializer - No ContextLoaderListener registered, as createRootApplicationContext() did not return an application context
2025-06-10 21:21:56 INFO  [main] o.h.jpa.internal.util.LogHelper - HHH000204: Processing PersistenceUnitInfo [name: default]
2025-06-10 21:21:56 INFO  [main] org.hibernate.Version - HHH000412: Hibernate ORM core version 5.6.15.Final
2025-06-10 21:21:57 INFO  [main] o.h.annotations.common.Version - HCANN000001: Hibernate Commons Annotations {5.1.2.Final}
2025-06-10 21:21:58 INFO  [main] org.hibernate.dialect.Dialect - HHH000400: Using dialect: org.hibernate.dialect.MySQL8Dialect
2025-06-10 21:21:59 INFO  [main] o.h.validator.internal.util.Version - HV000001: Hibernate Validator 6.2.0.Final
2025-06-10 21:22:01 INFO  [main] o.h.e.t.j.p.i.JtaPlatformInitiator - HHH000490: Using JtaPlatform implementation: [org.hibernate.engine.transaction.jta.platform.internal.NoJtaPlatform]
2025-06-10 21:38:53 DEBUG [http-nio-8080-exec-1] c.b.y.r.UserRestController - Received phNo in Controller: [9885471425]
2025-06-10 21:38:54 DEBUG [http-nio-8080-exec-1] c.b.y.r.UserRestController - isPhExist: false
2025-06-10 21:38:54 DEBUG [http-nio-8080-exec-2] c.b.y.r.UserRestController - Received phNo in Controller: [988 5471425]
2025-06-10 21:47:25 DEBUG [main] c.b.y.configuration.WebInitializer - No ContextLoaderListener registered, as createRootApplicationContext() did not return an application context
2025-06-10 21:47:27 INFO  [main] o.h.jpa.internal.util.LogHelper - HHH000204: Processing PersistenceUnitInfo [name: default]
2025-06-10 21:47:27 INFO  [main] org.hibernate.Version - HHH000412: Hibernate ORM core version 5.6.15.Final
2025-06-10 21:47:28 INFO  [main] o.h.annotations.common.Version - HCANN000001: Hibernate Commons Annotations {5.1.2.Final}
2025-06-10 21:47:29 INFO  [main] org.hibernate.dialect.Dialect - HHH000400: Using dialect: org.hibernate.dialect.MySQL8Dialect
2025-06-10 21:47:30 INFO  [main] o.h.validator.internal.util.Version - HV000001: Hibernate Validator 6.2.0.Final
2025-06-10 21:47:33 INFO  [main] o.h.e.t.j.p.i.JtaPlatformInitiator - HHH000490: Using JtaPlatform implementation: [org.hibernate.engine.transaction.jta.platform.internal.NoJtaPlatform]
2025-06-10 21:50:34 DEBUG [http-nio-8080-exec-7] c.b.y.r.UserRestController - Received userName: [Bhoomika cnjf]
2025-06-10 21:50:39 DEBUG [http-nio-8080-exec-2] c.b.y.r.UserRestController - Received userName: [Bhoomika c g]
2025-06-10 21:50:42 DEBUG [http-nio-8080-exec-4] c.b.y.r.UserRestController - Received userName: [Bhoomikac P]
2025-06-10 21:50:46 DEBUG [http-nio-8080-exec-5] c.b.y.r.UserRestController - Received userName: [Bhoomika C P]
2025-06-10 21:50:49 DEBUG [http-nio-8080-exec-6] c.b.y.r.UserRestController - Received userName: [Bhoomika C P b]
2025-06-10 21:50:57 DEBUG [http-nio-8080-exec-8] c.b.y.r.UserRestController - Received userName: [Bhoomika C P BTS]
2025-06-10 21:51:00 DEBUG [http-nio-8080-exec-3] c.b.y.r.UserRestController - Received userName: [Bhoomika C P Bts]
2025-06-10 21:51:14 DEBUG [http-nio-8080-exec-10] c.b.y.r.UserRestController - Received userName: [Bhoomika C P Bts Kmjksjmyg]
2025-06-10 21:51:27 DEBUG [http-nio-8080-exec-7] c.b.y.r.UserRestController - Received userName: [Bhoomika]
2025-06-10 21:51:37 DEBUG [http-nio-8080-exec-4] c.b.y.r.UserRestController - Received email in Controller: [njfkv@gmai.cooom]
2025-06-10 21:51:37 DEBUG [http-nio-8080-exec-4] c.b.y.r.UserRestController - isEmailExist: false
2025-06-10 21:51:43 DEBUG [http-nio-8080-exec-9] c.b.y.r.UserRestController - Received email in Controller: [njfkv@gmail.cooom]
2025-06-10 21:51:43 DEBUG [http-nio-8080-exec-9] c.b.y.r.UserRestController - isEmailExist: false
2025-06-10 21:51:50 DEBUG [http-nio-8080-exec-6] c.b.y.r.UserRestController - Received email in Controller: [njfkv@gmail.com]
2025-06-10 21:51:50 DEBUG [http-nio-8080-exec-6] c.b.y.r.UserRestController - isEmailExist: false
2025-06-10 21:51:54 DEBUG [http-nio-8080-exec-8] c.b.y.r.UserRestController - Received email in Controller: [Kc@gmail.com]
2025-06-10 21:51:54 DEBUG [http-nio-8080-exec-8] c.b.y.r.UserRestController - isEmailExist: false
2025-06-10 21:54:01 DEBUG [main] c.b.y.configuration.WebInitializer - No ContextLoaderListener registered, as createRootApplicationContext() did not return an application context
2025-06-10 21:54:02 INFO  [main] o.h.jpa.internal.util.LogHelper - HHH000204: Processing PersistenceUnitInfo [name: default]
2025-06-10 21:54:03 INFO  [main] org.hibernate.Version - HHH000412: Hibernate ORM core version 5.6.15.Final
2025-06-10 21:54:03 INFO  [main] o.h.annotations.common.Version - HCANN000001: Hibernate Commons Annotations {5.1.2.Final}
2025-06-10 21:54:05 INFO  [main] org.hibernate.dialect.Dialect - HHH000400: Using dialect: org.hibernate.dialect.MySQL8Dialect
2025-06-10 21:54:06 INFO  [main] o.h.validator.internal.util.Version - HV000001: Hibernate Validator 6.2.0.Final
2025-06-10 21:54:12 INFO  [main] o.h.e.t.j.p.i.JtaPlatformInitiator - HHH000490: Using JtaPlatform implementation: [org.hibernate.engine.transaction.jta.platform.internal.NoJtaPlatform]
2025-06-10 21:54:42 DEBUG [http-nio-8080-exec-3] c.b.y.r.UserRestController - Received email in Controller: [Kc@gmail.com]
2025-06-10 21:56:04 DEBUG [http-nio-8080-exec-9] com.bcp.yamaha.service.EmailService - Email sent successfully to: bhoomikacp24@gmail.com
2025-06-10 21:56:39 DEBUG [http-nio-8080-exec-1] c.b.y.r.UserRestController - Received DL Number: [KA1234567890752]
2025-06-10 21:56:39 DEBUG [http-nio-8080-exec-1] c.b.y.r.UserRestController - dlExists: true
2025-06-10 21:56:41 DEBUG [http-nio-8080-exec-2] c.b.y.r.UserRestController - Received DL Number: [KA123456789075]
2025-06-10 21:57:07 DEBUG [http-nio-8080-exec-3] c.b.y.r.UserRestController - Received DL Number: [KA12345678907]
2025-06-10 21:58:02 DEBUG [http-nio-8080-exec-4] c.b.y.r.UserRestController - Received phNo in Controller: [7539684126]
2025-06-10 21:58:02 DEBUG [http-nio-8080-exec-4] c.b.y.r.UserRestController - isPhExist: true
2025-06-10 21:58:05 DEBUG [http-nio-8080-exec-7] c.b.y.r.UserRestController - Received phNo in Controller: [753968412]
2025-06-10 21:58:08 DEBUG [http-nio-8080-exec-6] c.b.y.r.UserRestController - Received phNo in Controller: [75396841]
2025-06-10 21:58:08 DEBUG [http-nio-8080-exec-8] c.b.y.r.UserRestController - Received age: [2]
2025-06-10 21:58:08 DEBUG [http-nio-8080-exec-10] c.b.y.r.UserRestController - Received age: [23]
2025-06-10 21:58:10 DEBUG [http-nio-8080-exec-9] c.b.y.r.UserRestController - Received age: [2]
2025-06-10 21:58:11 DEBUG [http-nio-8080-exec-1] c.b.y.r.UserRestController - Received age: [23]
2025-06-10 21:58:22 DEBUG [http-nio-8080-exec-10] c.b.y.r.bike.BikeRepositoryImpl - Checking bikeModel in repo: [CD]
2025-06-10 21:58:22 DEBUG [http-nio-8080-exec-10] c.b.y.r.bike.BikeRepositoryImpl - Bike Model count from repo: 0
2025-06-10 21:58:22 INFO  [http-nio-8080-exec-10] c.b.y.service.bike.BikeServiceImpl - is existByBikeModel in service: false
2025-06-10 21:58:22 DEBUG [http-nio-8080-exec-6] c.b.y.r.bike.BikeRepositoryImpl - Checking bikeModel in repo: [CDV]
2025-06-10 21:58:22 DEBUG [http-nio-8080-exec-6] c.b.y.r.bike.BikeRepositoryImpl - Bike Model count from repo: 0
2025-06-10 21:58:22 INFO  [http-nio-8080-exec-6] c.b.y.service.bike.BikeServiceImpl - is existByBikeModel in service: false
2025-06-10 21:59:18 DEBUG [http-nio-8080-exec-2] c.b.y.r.bike.BikeRepositoryImpl - Checking bikeModel in repo: [CDV]
2025-06-10 21:59:18 DEBUG [http-nio-8080-exec-2] c.b.y.r.bike.BikeRepositoryImpl - Bike Model count from repo: 0
2025-06-10 21:59:18 INFO  [http-nio-8080-exec-2] c.b.y.service.bike.BikeServiceImpl - is existByBikeModel in service: false
2025-06-10 21:59:18 DEBUG [http-nio-8080-exec-5] c.b.y.r.bike.BikeRepositoryImpl - Checking bikeModel in repo: [CDV R]
2025-06-10 21:59:18 DEBUG [http-nio-8080-exec-5] c.b.y.r.bike.BikeRepositoryImpl - Bike Model count from repo: 0
2025-06-10 21:59:18 INFO  [http-nio-8080-exec-5] c.b.y.service.bike.BikeServiceImpl - is existByBikeModel in service: false
2025-06-10 21:59:20 DEBUG [http-nio-8080-exec-6] c.b.y.r.bike.BikeRepositoryImpl - Checking bikeModel in repo: [CDV R]
2025-06-10 21:59:20 DEBUG [http-nio-8080-exec-6] c.b.y.r.bike.BikeRepositoryImpl - Bike Model count from repo: 0
2025-06-10 21:59:20 INFO  [http-nio-8080-exec-6] c.b.y.service.bike.BikeServiceImpl - is existByBikeModel in service: false
2025-06-10 21:59:21 DEBUG [http-nio-8080-exec-4] c.b.y.r.bike.BikeRepositoryImpl - Checking bikeModel in repo: [CDV R4]
2025-06-10 21:59:21 DEBUG [http-nio-8080-exec-4] c.b.y.r.bike.BikeRepositoryImpl - Bike Model count from repo: 0
2025-06-10 21:59:21 INFO  [http-nio-8080-exec-4] c.b.y.service.bike.BikeServiceImpl - is existByBikeModel in service: false
2025-06-10 21:59:22 DEBUG [http-nio-8080-exec-3] c.b.y.r.bike.BikeRepositoryImpl - Checking bikeModel in repo: [CDV R4]
2025-06-10 21:59:22 DEBUG [http-nio-8080-exec-3] c.b.y.r.bike.BikeRepositoryImpl - Bike Model count from repo: 0
2025-06-10 21:59:22 INFO  [http-nio-8080-exec-3] c.b.y.service.bike.BikeServiceImpl - is existByBikeModel in service: false
2025-06-10 21:59:23 DEBUG [http-nio-8080-exec-1] c.b.y.r.bike.BikeRepositoryImpl - Checking bikeModel in repo: [CDV R41]
2025-06-10 21:59:23 DEBUG [http-nio-8080-exec-1] c.b.y.r.bike.BikeRepositoryImpl - Bike Model count from repo: 0
2025-06-10 21:59:23 INFO  [http-nio-8080-exec-1] c.b.y.service.bike.BikeServiceImpl - is existByBikeModel in service: false
2025-06-10 22:13:53 INFO  [http-nio-8080-exec-4] c.b.y.controller.AdminController - Admin Logging out
