2025-06-01 23:32:12 DEBUG [main] c.b.y.configuration.WebInitializer - No ContextLoaderListener registered, as createRootApplicationContext() did not return an application context
2025-06-01 23:32:14 INFO  [main] o.h.jpa.internal.util.LogHelper - HHH000204: Processing PersistenceUnitInfo [name: default]
2025-06-01 23:32:14 INFO  [main] org.hibernate.Version - HHH000412: Hibernate ORM core version 5.6.15.Final
2025-06-01 23:32:14 INFO  [main] o.h.annotations.common.Version - HCANN000001: Hibernate Commons Annotations {5.1.2.Final}
2025-06-01 23:32:15 INFO  [main] org.hibernate.dialect.Dialect - HHH000400: Using dialect: org.hibernate.dialect.MySQL8Dialect
2025-06-01 23:32:15 INFO  [main] o.h.validator.internal.util.Version - HV000001: Hibernate Validator 6.2.0.Final
2025-06-01 23:32:17 INFO  [main] o.h.e.t.j.p.i.JtaPlatformInitiator - HHH000490: Using JtaPlatform implementation: [org.hibernate.engine.transaction.jta.platform.internal.NoJtaPlatform]
2025-06-01 23:36:09 DEBUG [http-nio-8080-exec-2] c.b.y.r.user.UserRepositoryImpl - no user found with email: bhoomikacp.xworkz@gmail.com
2025-06-01 23:36:22 DEBUG [http-nio-8080-exec-5] c.b.y.r.user.UserRepositoryImpl - no user found with email: 7smeraldo@gmail.com
2025-06-01 23:39:37 DEBUG [main] c.b.y.configuration.WebInitializer - No ContextLoaderListener registered, as createRootApplicationContext() did not return an application context
2025-06-01 23:39:38 INFO  [main] o.h.jpa.internal.util.LogHelper - HHH000204: Processing PersistenceUnitInfo [name: default]
2025-06-01 23:39:38 INFO  [main] org.hibernate.Version - HHH000412: Hibernate ORM core version 5.6.15.Final
2025-06-01 23:39:39 INFO  [main] o.h.annotations.common.Version - HCANN000001: Hibernate Commons Annotations {5.1.2.Final}
2025-06-01 23:39:40 INFO  [main] org.hibernate.dialect.Dialect - HHH000400: Using dialect: org.hibernate.dialect.MySQL8Dialect
2025-06-01 23:39:40 INFO  [main] o.h.validator.internal.util.Version - HV000001: Hibernate Validator 6.2.0.Final
2025-06-01 23:39:41 INFO  [main] o.h.e.t.j.p.i.JtaPlatformInitiator - HHH000490: Using JtaPlatform implementation: [org.hibernate.engine.transaction.jta.platform.internal.NoJtaPlatform]
2025-06-01 23:40:15 WARN  [http-nio-8080-exec-1] c.b.y.service.user.UserServiceImpl - Password validation failed for user: cpbhoomika16@gmail.com
2025-06-01 23:40:15 WARN  [http-nio-8080-exec-1] c.b.y.service.user.UserServiceImpl - Invalid Password. Must be at least 8 characters long, include one uppercase letter, one lowercase letter, one digit, and one special character.
2025-06-01 23:41:51 DEBUG [main] c.b.y.configuration.WebInitializer - No ContextLoaderListener registered, as createRootApplicationContext() did not return an application context
2025-06-01 23:41:52 INFO  [main] o.h.jpa.internal.util.LogHelper - HHH000204: Processing PersistenceUnitInfo [name: default]
2025-06-01 23:41:52 INFO  [main] org.hibernate.Version - HHH000412: Hibernate ORM core version 5.6.15.Final
2025-06-01 23:41:53 INFO  [main] o.h.annotations.common.Version - HCANN000001: Hibernate Commons Annotations {5.1.2.Final}
2025-06-01 23:41:54 INFO  [main] org.hibernate.dialect.Dialect - HHH000400: Using dialect: org.hibernate.dialect.MySQL8Dialect
2025-06-01 23:41:54 INFO  [main] o.h.validator.internal.util.Version - HV000001: Hibernate Validator 6.2.0.Final
2025-06-01 23:41:56 INFO  [main] o.h.e.t.j.p.i.JtaPlatformInitiator - HHH000490: Using JtaPlatform implementation: [org.hibernate.engine.transaction.jta.platform.internal.NoJtaPlatform]
2025-06-01 23:41:59 DEBUG [http-nio-8080-exec-3] c.b.y.r.user.UserRepositoryImpl - no user found with email: bhoomikacp.xworkz@gmail.com
2025-06-01 23:42:13 WARN  [http-nio-8080-exec-6] c.b.y.service.user.UserServiceImpl - Password validation failed for user: cpbhoomika16@gmail.com
2025-06-01 23:42:13 WARN  [http-nio-8080-exec-6] c.b.y.service.user.UserServiceImpl - Invalid Password. Must be at least 8 characters long, include one uppercase letter, one lowercase letter, one digit, and one special character.
2025-06-01 23:46:46 DEBUG [main] c.b.y.configuration.WebInitializer - No ContextLoaderListener registered, as createRootApplicationContext() did not return an application context
2025-06-01 23:46:47 INFO  [main] o.h.jpa.internal.util.LogHelper - HHH000204: Processing PersistenceUnitInfo [name: default]
2025-06-01 23:46:47 INFO  [main] org.hibernate.Version - HHH000412: Hibernate ORM core version 5.6.15.Final
2025-06-01 23:46:47 INFO  [main] o.h.annotations.common.Version - HCANN000001: Hibernate Commons Annotations {5.1.2.Final}
2025-06-01 23:46:48 INFO  [main] org.hibernate.dialect.Dialect - HHH000400: Using dialect: org.hibernate.dialect.MySQL8Dialect
2025-06-01 23:46:49 INFO  [main] o.h.validator.internal.util.Version - HV000001: Hibernate Validator 6.2.0.Final
2025-06-01 23:46:50 INFO  [main] o.h.e.t.j.p.i.JtaPlatformInitiator - HHH000490: Using JtaPlatform implementation: [org.hibernate.engine.transaction.jta.platform.internal.NoJtaPlatform]
2025-06-01 23:47:13 DEBUG [http-nio-8080-exec-7] com.bcp.yamaha.service.EmailService - Email sent successfully to: bhoomikacp24@gmail.com
